Using pre-set license
Built from '2020.3/release' branch; Version is '2020.3.7f1 (dd97f2c94397) revision 14522354'; Using compiler version '192528614'; Build Type 'Release'
OS: 'Windows 10 Pro; OS build 19042.985; Version 2009; 64bit' Language: 'ru' Physical Memory: 24491 MB
BatchMode: 1, IsHumanControllingUs: 0, StartBugReporterOnCrash: 0, Is64bit: 1, IsPro: 0

 COMMAND LINE ARGUMENTS:
C:\Program Files\Unity\Hub\Editor\2020.3.7f1\Editor\Unity.exe
-adb2
-batchMode
-noUpm
-name
AssetImportWorker2
-projectPath
D:/Docs/Unity projects/Between/Between
-logFile
Logs/AssetImportWorker2.log
-srvPort
65218
Successfully changed project path to: D:/Docs/Unity projects/Between/Between
D:/Docs/Unity projects/Between/Between
Using Asset Import Pipeline V2.
Refreshing native plugins compatible for Editor in 18.77 ms, found 0 plugins.
Preloading 0 native plugins for Editor in 0.00 ms.
Initialize engine version: 2020.3.7f1 (dd97f2c94397)
[Subsystems] Discovering subsystems at path C:/Program Files/Unity/Hub/Editor/2020.3.7f1/Editor/Data/Resources/UnitySubsystems
[Subsystems] Discovering subsystems at path D:/Docs/Unity projects/Between/Between/Assets
GfxDevice: creating device client; threaded=0
Direct3D:
    Version:  Direct3D 11.0 [level 11.1]
    Renderer: NVIDIA GeForce GTX 1080 (ID=0x1b80)
    Vendor:   
    VRAM:     8079 MB
    Driver:   27.21.14.5671
Initialize mono
Mono path[0] = 'C:/Program Files/Unity/Hub/Editor/2020.3.7f1/Editor/Data/Managed'
Mono path[1] = 'C:/Program Files/Unity/Hub/Editor/2020.3.7f1/Editor/Data/MonoBleedingEdge/lib/mono/unityjit'
Mono config path = 'C:/Program Files/Unity/Hub/Editor/2020.3.7f1/Editor/Data/MonoBleedingEdge/etc'
Using monoOptions --debugger-agent=transport=dt_socket,embedding=1,server=y,suspend=n,address=127.0.0.1:56368
Begin MonoManager ReloadAssembly
Registering precompiled unity dll's ...
Register platform support module: C:/Program Files/Unity/Hub/Editor/2020.3.7f1/Editor/Data/PlaybackEngines/WindowsStandaloneSupport/UnityEditor.WindowsStandalone.Extensions.dll
Registered in 0.001551 seconds.
Native extension for WindowsStandalone target not found
Refreshing native plugins compatible for Editor in 19.43 ms, found 0 plugins.
Preloading 0 native plugins for Editor in 0.00 ms.
Mono: successfully reloaded assembly
- Completed reload, in  2.143 seconds
Platform modules already initialized, skipping
Registering precompiled user dll's ...
Registered in 0.000478 seconds.
Begin MonoManager ReloadAssembly
Native extension for WindowsStandalone target not found
Refreshing native plugins compatible for Editor in 0.20 ms, found 0 plugins.
Preloading 0 native plugins for Editor in 0.00 ms.
Mono: successfully reloaded assembly
- Completed reload, in  0.679 seconds
Platform modules already initialized, skipping
========================================================================
Worker process is ready to serve import requests
Launched and connected shader compiler UnityShaderCompiler.exe after 0.04 seconds
Refreshing native plugins compatible for Editor in 0.24 ms, found 0 plugins.
Preloading 0 native plugins for Editor in 0.00 ms.
Unloading 1127 Unused Serialized files (Serialized files now loaded: 0)
System memory in use before: 57.5 MB.
System memory in use after: 57.6 MB.

Unloading 10 unused Assets to reduce memory usage. Loaded Objects now: 1570.
Total: 1.992000 ms (FindLiveObjects: 0.157000 ms CreateObjectMapping: 0.026800 ms MarkObjects: 1.719800 ms  DeleteObjects: 0.086800 ms)

========================================================================
Received Import Request.
  path: Assets/Scripts/Input/MouseInput.cs
  artifactKey: Guid(b9208f0de6a8836478b6a19ff787f686) Importer(815301076,1909f56bfc062723c751e8b465ee728b)
Start importing Assets/Scripts/Input/MouseInput.cs using Guid(b9208f0de6a8836478b6a19ff787f686) Importer(815301076,1909f56bfc062723c751e8b465ee728b)  -> (artifact id: '1f00f5e3a27b951876ca8def12f96070') in 0.018503 seconds
  Import took 0.020211 seconds .

========================================================================
Received Import Request.
  Time since last request: 15.125472 seconds.
  path: Assets/Scripts/Input/MouseInput.cs
  artifactKey: Guid(b9208f0de6a8836478b6a19ff787f686) Importer(815301076,1909f56bfc062723c751e8b465ee728b)
Start importing Assets/Scripts/Input/MouseInput.cs using Guid(b9208f0de6a8836478b6a19ff787f686) Importer(815301076,1909f56bfc062723c751e8b465ee728b)  -> (artifact id: '8c97c74039afabae8f3e5ddf45665b44') in 0.001084 seconds
  Import took 0.002573 seconds .

========================================================================
Received Prepare
Registering precompiled user dll's ...
Registered in 0.000341 seconds.
Begin MonoManager ReloadAssembly
Native extension for WindowsStandalone target not found
Refreshing native plugins compatible for Editor in 0.20 ms, found 0 plugins.
Preloading 0 native plugins for Editor in 0.00 ms.
Mono: successfully reloaded assembly
- Completed reload, in  0.606 seconds
Platform modules already initialized, skipping
Refreshing native plugins compatible for Editor in 0.15 ms, found 0 plugins.
Preloading 0 native plugins for Editor in 0.00 ms.
Unloading 1122 Unused Serialized files (Serialized files now loaded: 0)
System memory in use before: 57.5 MB.
System memory in use after: 57.5 MB.

Unloading 5 unused Assets to reduce memory usage. Loaded Objects now: 1573.
Total: 1.382300 ms (FindLiveObjects: 0.139100 ms CreateObjectMapping: 0.028800 ms MarkObjects: 1.169200 ms  DeleteObjects: 0.044400 ms)

========================================================================
Received Import Request.
  Time since last request: 28.538306 seconds.
  path: Assets/Scripts/Input/Test/TestInputHandler.cs
  artifactKey: Guid(19d3192825e49994e934d6623df04262) Importer(815301076,1909f56bfc062723c751e8b465ee728b)
Start importing Assets/Scripts/Input/Test/TestInputHandler.cs using Guid(19d3192825e49994e934d6623df04262) Importer(815301076,1909f56bfc062723c751e8b465ee728b)  -> (artifact id: 'f7d31bc1e244766b398dee0af6d826bb') in 0.002817 seconds
  Import took 0.004412 seconds .

========================================================================
Received Prepare
Registering precompiled user dll's ...
Registered in 0.000323 seconds.
Begin MonoManager ReloadAssembly
Native extension for WindowsStandalone target not found
Refreshing native plugins compatible for Editor in 0.19 ms, found 0 plugins.
Preloading 0 native plugins for Editor in 0.00 ms.
Mono: successfully reloaded assembly
- Completed reload, in  0.625 seconds
Platform modules already initialized, skipping
Refreshing native plugins compatible for Editor in 0.19 ms, found 0 plugins.
Preloading 0 native plugins for Editor in 0.00 ms.
Unloading 1123 Unused Serialized files (Serialized files now loaded: 0)
System memory in use before: 57.5 MB.
System memory in use after: 57.6 MB.

Unloading 5 unused Assets to reduce memory usage. Loaded Objects now: 1577.
Total: 1.437100 ms (FindLiveObjects: 0.149400 ms CreateObjectMapping: 0.024100 ms MarkObjects: 1.207900 ms  DeleteObjects: 0.054700 ms)

========================================================================
Received Prepare
Registering precompiled user dll's ...
Registered in 0.000345 seconds.
Begin MonoManager ReloadAssembly
Native extension for WindowsStandalone target not found
Refreshing native plugins compatible for Editor in 0.22 ms, found 0 plugins.
Preloading 0 native plugins for Editor in 0.00 ms.
Mono: successfully reloaded assembly
- Completed reload, in  0.612 seconds
Platform modules already initialized, skipping
Refreshing native plugins compatible for Editor in 0.15 ms, found 0 plugins.
Preloading 0 native plugins for Editor in 0.00 ms.
Unloading 1123 Unused Serialized files (Serialized files now loaded: 0)
System memory in use before: 57.5 MB.
System memory in use after: 57.6 MB.

Unloading 5 unused Assets to reduce memory usage. Loaded Objects now: 1580.
Total: 1.496300 ms (FindLiveObjects: 0.132600 ms CreateObjectMapping: 0.027800 ms MarkObjects: 1.282700 ms  DeleteObjects: 0.052200 ms)

========================================================================
Received Prepare
Registering precompiled user dll's ...
Registered in 0.000391 seconds.
Begin MonoManager ReloadAssembly
Native extension for WindowsStandalone target not found
Refreshing native plugins compatible for Editor in 0.20 ms, found 0 plugins.
Preloading 0 native plugins for Editor in 0.00 ms.
Mono: successfully reloaded assembly
- Completed reload, in  0.615 seconds
Platform modules already initialized, skipping
Refreshing native plugins compatible for Editor in 0.16 ms, found 0 plugins.
Preloading 0 native plugins for Editor in 0.00 ms.
Unloading 1123 Unused Serialized files (Serialized files now loaded: 0)
System memory in use before: 57.5 MB.
System memory in use after: 57.6 MB.

Unloading 5 unused Assets to reduce memory usage. Loaded Objects now: 1583.
Total: 1.524800 ms (FindLiveObjects: 0.137700 ms CreateObjectMapping: 0.027900 ms MarkObjects: 1.308300 ms  DeleteObjects: 0.049700 ms)

========================================================================
Received Prepare
Registering precompiled user dll's ...
Registered in 0.000345 seconds.
Begin MonoManager ReloadAssembly
Native extension for WindowsStandalone target not found
Refreshing native plugins compatible for Editor in 0.19 ms, found 0 plugins.
Preloading 0 native plugins for Editor in 0.00 ms.
Mono: successfully reloaded assembly
- Completed reload, in  0.615 seconds
Platform modules already initialized, skipping
Refreshing native plugins compatible for Editor in 0.17 ms, found 0 plugins.
Preloading 0 native plugins for Editor in 0.00 ms.
Unloading 1123 Unused Serialized files (Serialized files now loaded: 0)
System memory in use before: 57.5 MB.
System memory in use after: 57.6 MB.

Unloading 5 unused Assets to reduce memory usage. Loaded Objects now: 1586.
Total: 1.481100 ms (FindLiveObjects: 0.139200 ms CreateObjectMapping: 0.028100 ms MarkObjects: 1.263200 ms  DeleteObjects: 0.049100 ms)

========================================================================
Received Prepare
Registering precompiled user dll's ...
Registered in 0.000394 seconds.
Begin MonoManager ReloadAssembly
Native extension for WindowsStandalone target not found
Refreshing native plugins compatible for Editor in 0.20 ms, found 0 plugins.
Preloading 0 native plugins for Editor in 0.00 ms.
Mono: successfully reloaded assembly
- Completed reload, in  0.603 seconds
Platform modules already initialized, skipping
Refreshing native plugins compatible for Editor in 0.15 ms, found 0 plugins.
Preloading 0 native plugins for Editor in 0.00 ms.
Unloading 1123 Unused Serialized files (Serialized files now loaded: 0)
System memory in use before: 57.5 MB.
System memory in use after: 57.6 MB.

Unloading 5 unused Assets to reduce memory usage. Loaded Objects now: 1589.
Total: 1.503000 ms (FindLiveObjects: 0.157800 ms CreateObjectMapping: 0.024000 ms MarkObjects: 1.271900 ms  DeleteObjects: 0.048400 ms)

========================================================================
Received Prepare
Registering precompiled user dll's ...
Registered in 0.000352 seconds.
Begin MonoManager ReloadAssembly
Native extension for WindowsStandalone target not found
Refreshing native plugins compatible for Editor in 0.20 ms, found 0 plugins.
Preloading 0 native plugins for Editor in 0.00 ms.
Mono: successfully reloaded assembly
- Completed reload, in  0.618 seconds
Platform modules already initialized, skipping
Refreshing native plugins compatible for Editor in 0.15 ms, found 0 plugins.
Preloading 0 native plugins for Editor in 0.00 ms.
Unloading 1123 Unused Serialized files (Serialized files now loaded: 0)
System memory in use before: 57.6 MB.
System memory in use after: 57.6 MB.

Unloading 5 unused Assets to reduce memory usage. Loaded Objects now: 1592.
Total: 1.524000 ms (FindLiveObjects: 0.122500 ms CreateObjectMapping: 0.024600 ms MarkObjects: 1.326700 ms  DeleteObjects: 0.049400 ms)

========================================================================
Received Prepare
Registering precompiled user dll's ...
Registered in 0.000428 seconds.
Begin MonoManager ReloadAssembly
Native extension for WindowsStandalone target not found
Refreshing native plugins compatible for Editor in 0.21 ms, found 0 plugins.
Preloading 0 native plugins for Editor in 0.00 ms.
Mono: successfully reloaded assembly
- Completed reload, in  0.620 seconds
Platform modules already initialized, skipping
Refreshing native plugins compatible for Editor in 0.18 ms, found 0 plugins.
Preloading 0 native plugins for Editor in 0.00 ms.
Unloading 1123 Unused Serialized files (Serialized files now loaded: 0)
System memory in use before: 57.6 MB.
System memory in use after: 57.6 MB.

Unloading 5 unused Assets to reduce memory usage. Loaded Objects now: 1595.
Total: 1.520900 ms (FindLiveObjects: 0.145100 ms CreateObjectMapping: 0.028600 ms MarkObjects: 1.297200 ms  DeleteObjects: 0.049200 ms)

========================================================================
Received Prepare
Registering precompiled user dll's ...
Registered in 0.000367 seconds.
Begin MonoManager ReloadAssembly
Native extension for WindowsStandalone target not found
Refreshing native plugins compatible for Editor in 0.21 ms, found 0 plugins.
Preloading 0 native plugins for Editor in 0.00 ms.
Mono: successfully reloaded assembly
- Completed reload, in  0.616 seconds
Platform modules already initialized, skipping
Refreshing native plugins compatible for Editor in 0.17 ms, found 0 plugins.
Preloading 0 native plugins for Editor in 0.00 ms.
Unloading 1123 Unused Serialized files (Serialized files now loaded: 0)
System memory in use before: 57.6 MB.
System memory in use after: 57.6 MB.

Unloading 5 unused Assets to reduce memory usage. Loaded Objects now: 1598.
Total: 1.719400 ms (FindLiveObjects: 0.156400 ms CreateObjectMapping: 0.031000 ms MarkObjects: 1.473700 ms  DeleteObjects: 0.057400 ms)

========================================================================
Received Prepare
Registering precompiled user dll's ...
Registered in 0.000338 seconds.
Begin MonoManager ReloadAssembly
Native extension for WindowsStandalone target not found
Refreshing native plugins compatible for Editor in 0.19 ms, found 0 plugins.
Preloading 0 native plugins for Editor in 0.00 ms.
Mono: successfully reloaded assembly
- Completed reload, in  0.613 seconds
Platform modules already initialized, skipping
Refreshing native plugins compatible for Editor in 0.14 ms, found 0 plugins.
Preloading 0 native plugins for Editor in 0.00 ms.
Unloading 1123 Unused Serialized files (Serialized files now loaded: 0)
System memory in use before: 57.6 MB.
System memory in use after: 57.6 MB.

Unloading 5 unused Assets to reduce memory usage. Loaded Objects now: 1601.
Total: 1.365100 ms (FindLiveObjects: 0.135700 ms CreateObjectMapping: 0.029500 ms MarkObjects: 1.153100 ms  DeleteObjects: 0.045700 ms)

========================================================================
Received Prepare
Registering precompiled user dll's ...
Registered in 0.000321 seconds.
Begin MonoManager ReloadAssembly
Native extension for WindowsStandalone target not found
Refreshing native plugins compatible for Editor in 0.20 ms, found 0 plugins.
Preloading 0 native plugins for Editor in 0.00 ms.
Mono: successfully reloaded assembly
- Completed reload, in  0.606 seconds
Platform modules already initialized, skipping
Refreshing native plugins compatible for Editor in 0.15 ms, found 0 plugins.
Preloading 0 native plugins for Editor in 0.00 ms.
Unloading 1123 Unused Serialized files (Serialized files now loaded: 0)
System memory in use before: 57.6 MB.
System memory in use after: 57.6 MB.

Unloading 5 unused Assets to reduce memory usage. Loaded Objects now: 1604.
Total: 1.400100 ms (FindLiveObjects: 0.128500 ms CreateObjectMapping: 0.024300 ms MarkObjects: 1.196000 ms  DeleteObjects: 0.050600 ms)

========================================================================
Received Prepare
Registering precompiled user dll's ...
Registered in 0.000370 seconds.
Begin MonoManager ReloadAssembly
Native extension for WindowsStandalone target not found
Refreshing native plugins compatible for Editor in 0.20 ms, found 0 plugins.
Preloading 0 native plugins for Editor in 0.00 ms.
Mono: successfully reloaded assembly
- Completed reload, in  0.618 seconds
Platform modules already initialized, skipping
Refreshing native plugins compatible for Editor in 0.14 ms, found 0 plugins.
Preloading 0 native plugins for Editor in 0.00 ms.
Unloading 1123 Unused Serialized files (Serialized files now loaded: 0)
System memory in use before: 57.6 MB.
System memory in use after: 57.7 MB.

Unloading 5 unused Assets to reduce memory usage. Loaded Objects now: 1607.
Total: 1.318300 ms (FindLiveObjects: 0.117900 ms CreateObjectMapping: 0.024800 ms MarkObjects: 1.129700 ms  DeleteObjects: 0.045000 ms)

========================================================================
Received Prepare
Registering precompiled user dll's ...
Registered in 0.000318 seconds.
Begin MonoManager ReloadAssembly
Native extension for WindowsStandalone target not found
Refreshing native plugins compatible for Editor in 0.20 ms, found 0 plugins.
Preloading 0 native plugins for Editor in 0.00 ms.
Mono: successfully reloaded assembly
- Completed reload, in  0.610 seconds
Platform modules already initialized, skipping
Refreshing native plugins compatible for Editor in 0.16 ms, found 0 plugins.
Preloading 0 native plugins for Editor in 0.00 ms.
Unloading 1123 Unused Serialized files (Serialized files now loaded: 0)
System memory in use before: 57.6 MB.
System memory in use after: 57.7 MB.

Unloading 5 unused Assets to reduce memory usage. Loaded Objects now: 1610.
Total: 1.654200 ms (FindLiveObjects: 0.136500 ms CreateObjectMapping: 0.027700 ms MarkObjects: 1.438900 ms  DeleteObjects: 0.049900 ms)

========================================================================
Received Import Request.
  Time since last request: 1484.409427 seconds.
  path: Assets/Scripts/Input/Test/InputLogger.cs
  artifactKey: Guid(ae277a5cb60924f40bea19f768109de5) Importer(815301076,1909f56bfc062723c751e8b465ee728b)
Start importing Assets/Scripts/Input/Test/InputLogger.cs using Guid(ae277a5cb60924f40bea19f768109de5) Importer(815301076,1909f56bfc062723c751e8b465ee728b)  -> (artifact id: '31b08cc6b493f5ffaee985df91880dfa') in 0.002840 seconds
  Import took 0.004396 seconds .

========================================================================
Received Import Request.
  Time since last request: 0.002358 seconds.
  path: Assets/Scripts/Input/Test/InputLogger.cs
  artifactKey: Guid(ae277a5cb60924f40bea19f768109de5) Importer(815301076,1909f56bfc062723c751e8b465ee728b)
Start importing Assets/Scripts/Input/Test/InputLogger.cs using Guid(ae277a5cb60924f40bea19f768109de5) Importer(815301076,1909f56bfc062723c751e8b465ee728b)  -> (artifact id: '31b08cc6b493f5ffaee985df91880dfa') in 0.001036 seconds
  Import took 0.002228 seconds .

========================================================================
Received Import Request.
  Time since last request: 0.267139 seconds.
  path: Assets/Scripts/Input/Test/TestInputHandler.cs
  artifactKey: Guid(19d3192825e49994e934d6623df04262) Importer(815301076,1909f56bfc062723c751e8b465ee728b)
Start importing Assets/Scripts/Input/Test/TestInputHandler.cs using Guid(19d3192825e49994e934d6623df04262) Importer(815301076,1909f56bfc062723c751e8b465ee728b)  -> (artifact id: 'b6a52233c551170cc0a682c7b5c3a3b1') in 0.001282 seconds
  Import took 0.002874 seconds .

========================================================================
Received Import Request.
  Time since last request: 0.002268 seconds.
  path: Assets/Scripts/Input/Test/TestInputHandler.cs
  artifactKey: Guid(19d3192825e49994e934d6623df04262) Importer(815301076,1909f56bfc062723c751e8b465ee728b)
Start importing Assets/Scripts/Input/Test/TestInputHandler.cs using Guid(19d3192825e49994e934d6623df04262) Importer(815301076,1909f56bfc062723c751e8b465ee728b)  -> (artifact id: 'b6a52233c551170cc0a682c7b5c3a3b1') in 0.000921 seconds
  Import took 0.002104 seconds .

========================================================================
Received Import Request.
  Time since last request: 0.963488 seconds.
  path: Assets/Scripts/Input/InputHandler.cs
  artifactKey: Guid(75dc8d0752a5b3d40bc1439349064c59) Importer(815301076,1909f56bfc062723c751e8b465ee728b)
Start importing Assets/Scripts/Input/InputHandler.cs using Guid(75dc8d0752a5b3d40bc1439349064c59) Importer(815301076,1909f56bfc062723c751e8b465ee728b)  -> (artifact id: '0b1d422556ead9b274176bbcbc6d5756') in 0.001450 seconds
  Import took 0.003297 seconds .

========================================================================
Received Import Request.
  Time since last request: 0.001652 seconds.
  path: Assets/Scripts/Input/InputHandler.cs
  artifactKey: Guid(75dc8d0752a5b3d40bc1439349064c59) Importer(815301076,1909f56bfc062723c751e8b465ee728b)
Start importing Assets/Scripts/Input/InputHandler.cs using Guid(75dc8d0752a5b3d40bc1439349064c59) Importer(815301076,1909f56bfc062723c751e8b465ee728b)  -> (artifact id: '0b1d422556ead9b274176bbcbc6d5756') in 0.001111 seconds
  Import took 0.002387 seconds .

========================================================================
Received Import Request.
  Time since last request: 14.059686 seconds.
  path: Assets/Scripts/Input/MouseInput.cs
  artifactKey: Guid(b9208f0de6a8836478b6a19ff787f686) Importer(815301076,1909f56bfc062723c751e8b465ee728b)
Start importing Assets/Scripts/Input/MouseInput.cs using Guid(b9208f0de6a8836478b6a19ff787f686) Importer(815301076,1909f56bfc062723c751e8b465ee728b)  -> (artifact id: '140af07cef5f8aca8ea1f23c7e79e4c1') in 0.001278 seconds
  Import took 0.002922 seconds .

========================================================================
Received Import Request.
  Time since last request: 0.001678 seconds.
  path: Assets/Scripts/Input/MouseInput.cs
  artifactKey: Guid(b9208f0de6a8836478b6a19ff787f686) Importer(815301076,1909f56bfc062723c751e8b465ee728b)
Start importing Assets/Scripts/Input/MouseInput.cs using Guid(b9208f0de6a8836478b6a19ff787f686) Importer(815301076,1909f56bfc062723c751e8b465ee728b)  -> (artifact id: '140af07cef5f8aca8ea1f23c7e79e4c1') in 0.001064 seconds
  Import took 0.002378 seconds .

========================================================================
Received Prepare
Registering precompiled user dll's ...
Registered in 0.000356 seconds.
Begin MonoManager ReloadAssembly
Native extension for WindowsStandalone target not found
Refreshing native plugins compatible for Editor in 0.19 ms, found 0 plugins.
Preloading 0 native plugins for Editor in 0.00 ms.
Mono: successfully reloaded assembly
- Completed reload, in  0.624 seconds
Platform modules already initialized, skipping
Refreshing native plugins compatible for Editor in 0.18 ms, found 0 plugins.
Preloading 0 native plugins for Editor in 0.00 ms.
Unloading 1119 Unused Serialized files (Serialized files now loaded: 0)
System memory in use before: 57.5 MB.
System memory in use after: 57.6 MB.

Unloading 9 unused Assets to reduce memory usage. Loaded Objects now: 1609.
Total: 1.472500 ms (FindLiveObjects: 0.161500 ms CreateObjectMapping: 0.030300 ms MarkObjects: 1.229500 ms  DeleteObjects: 0.050400 ms)

========================================================================
Received Import Request.
  Time since last request: 43.072327 seconds.
  path: Assets/Scenes/SampleScene.unity
  artifactKey: Guid(9fc0d4010bbf28b4594072e72b8655ab) Importer(815301076,1909f56bfc062723c751e8b465ee728b)
Start importing Assets/Scenes/SampleScene.unity using Guid(9fc0d4010bbf28b4594072e72b8655ab) Importer(815301076,1909f56bfc062723c751e8b465ee728b)  -> (artifact id: '1ea25fe5699b83c8d406e71161e582d4') in 0.008856 seconds
  Import took 0.010511 seconds .

========================================================================
Received Import Request.
  Time since last request: 0.020005 seconds.
  path: Assets/Scenes/SampleScene.unity
  artifactKey: Guid(9fc0d4010bbf28b4594072e72b8655ab) Importer(815301076,1909f56bfc062723c751e8b465ee728b)
Start importing Assets/Scenes/SampleScene.unity using Guid(9fc0d4010bbf28b4594072e72b8655ab) Importer(815301076,1909f56bfc062723c751e8b465ee728b)  -> (artifact id: '1ea25fe5699b83c8d406e71161e582d4') in 0.001225 seconds
  Import took 0.002482 seconds .

========================================================================
Received Prepare
Registering precompiled user dll's ...
Registered in 0.000352 seconds.
Begin MonoManager ReloadAssembly
Native extension for WindowsStandalone target not found
Refreshing native plugins compatible for Editor in 0.20 ms, found 0 plugins.
Preloading 0 native plugins for Editor in 0.00 ms.
Mono: successfully reloaded assembly
- Completed reload, in  0.623 seconds
Platform modules already initialized, skipping
Refreshing native plugins compatible for Editor in 0.19 ms, found 0 plugins.
Preloading 0 native plugins for Editor in 0.00 ms.
Unloading 1120 Unused Serialized files (Serialized files now loaded: 0)
System memory in use before: 57.5 MB.
System memory in use after: 57.6 MB.

Unloading 5 unused Assets to reduce memory usage. Loaded Objects now: 1613.
Total: 1.481300 ms (FindLiveObjects: 0.155200 ms CreateObjectMapping: 0.026200 ms MarkObjects: 1.243100 ms  DeleteObjects: 0.055900 ms)

========================================================================
Received Prepare
Registering precompiled user dll's ...
Registered in 0.000334 seconds.
Begin MonoManager ReloadAssembly
Native extension for WindowsStandalone target not found
Refreshing native plugins compatible for Editor in 0.20 ms, found 0 plugins.
Preloading 0 native plugins for Editor in 0.00 ms.
Mono: successfully reloaded assembly
- Completed reload, in  0.626 seconds
Platform modules already initialized, skipping
Refreshing native plugins compatible for Editor in 0.19 ms, found 0 plugins.
Preloading 0 native plugins for Editor in 0.00 ms.
Unloading 1120 Unused Serialized files (Serialized files now loaded: 0)
System memory in use before: 57.5 MB.
System memory in use after: 57.6 MB.

Unloading 5 unused Assets to reduce memory usage. Loaded Objects now: 1616.
Total: 1.534900 ms (FindLiveObjects: 0.147400 ms CreateObjectMapping: 0.032200 ms MarkObjects: 1.305400 ms  DeleteObjects: 0.049100 ms)

========================================================================
Received Prepare
Registering precompiled user dll's ...
Registered in 0.000353 seconds.
Begin MonoManager ReloadAssembly
Native extension for WindowsStandalone target not found
Refreshing native plugins compatible for Editor in 0.20 ms, found 0 plugins.
Preloading 0 native plugins for Editor in 0.00 ms.
Mono: successfully reloaded assembly
- Completed reload, in  0.617 seconds
Platform modules already initialized, skipping
Refreshing native plugins compatible for Editor in 0.14 ms, found 0 plugins.
Preloading 0 native plugins for Editor in 0.00 ms.
Unloading 1120 Unused Serialized files (Serialized files now loaded: 0)
System memory in use before: 57.5 MB.
System memory in use after: 57.6 MB.

Unloading 5 unused Assets to reduce memory usage. Loaded Objects now: 1619.
Total: 1.522700 ms (FindLiveObjects: 0.171900 ms CreateObjectMapping: 0.029200 ms MarkObjects: 1.272400 ms  DeleteObjects: 0.048400 ms)

========================================================================
Received Prepare
Registering precompiled user dll's ...
Registered in 0.000420 seconds.
Begin MonoManager ReloadAssembly
Native extension for WindowsStandalone target not found
Refreshing native plugins compatible for Editor in 0.20 ms, found 0 plugins.
Preloading 0 native plugins for Editor in 0.00 ms.
Mono: successfully reloaded assembly
- Completed reload, in  0.611 seconds
Platform modules already initialized, skipping
Refreshing native plugins compatible for Editor in 0.15 ms, found 0 plugins.
Preloading 0 native plugins for Editor in 0.00 ms.
Unloading 1120 Unused Serialized files (Serialized files now loaded: 0)
System memory in use before: 57.6 MB.
System memory in use after: 57.6 MB.

Unloading 5 unused Assets to reduce memory usage. Loaded Objects now: 1622.
Total: 1.537400 ms (FindLiveObjects: 0.129000 ms CreateObjectMapping: 0.028200 ms MarkObjects: 1.330000 ms  DeleteObjects: 0.049400 ms)

========================================================================
Received Prepare
Registering precompiled user dll's ...
Registered in 0.000355 seconds.
Begin MonoManager ReloadAssembly
Native extension for WindowsStandalone target not found
Refreshing native plugins compatible for Editor in 0.19 ms, found 0 plugins.
Preloading 0 native plugins for Editor in 0.00 ms.
Mono: successfully reloaded assembly
- Completed reload, in  0.623 seconds
Platform modules already initialized, skipping
Refreshing native plugins compatible for Editor in 0.15 ms, found 0 plugins.
Preloading 0 native plugins for Editor in 0.00 ms.
Unloading 1120 Unused Serialized files (Serialized files now loaded: 0)
System memory in use before: 57.6 MB.
System memory in use after: 57.6 MB.

Unloading 5 unused Assets to reduce memory usage. Loaded Objects now: 1625.
Total: 1.640600 ms (FindLiveObjects: 0.135500 ms CreateObjectMapping: 0.033700 ms MarkObjects: 1.416000 ms  DeleteObjects: 0.054300 ms)

========================================================================
Received Prepare
Registering precompiled user dll's ...
Registered in 0.000353 seconds.
Begin MonoManager ReloadAssembly
Native extension for WindowsStandalone target not found
Refreshing native plugins compatible for Editor in 0.21 ms, found 0 plugins.
Preloading 0 native plugins for Editor in 0.00 ms.
Mono: successfully reloaded assembly
- Completed reload, in  0.619 seconds
Platform modules already initialized, skipping
Refreshing native plugins compatible for Editor in 0.18 ms, found 0 plugins.
Preloading 0 native plugins for Editor in 0.00 ms.
Unloading 1120 Unused Serialized files (Serialized files now loaded: 0)
System memory in use before: 57.6 MB.
System memory in use after: 57.6 MB.

Unloading 5 unused Assets to reduce memory usage. Loaded Objects now: 1628.
Total: 1.543000 ms (FindLiveObjects: 0.139900 ms CreateObjectMapping: 0.028500 ms MarkObjects: 1.323700 ms  DeleteObjects: 0.050000 ms)

========================================================================
Received Prepare
Registering precompiled user dll's ...
Registered in 0.000341 seconds.
Begin MonoManager ReloadAssembly
Native extension for WindowsStandalone target not found
Refreshing native plugins compatible for Editor in 0.20 ms, found 0 plugins.
Preloading 0 native plugins for Editor in 0.00 ms.
Mono: successfully reloaded assembly
- Completed reload, in  0.598 seconds
Platform modules already initialized, skipping
Refreshing native plugins compatible for Editor in 0.15 ms, found 0 plugins.
Preloading 0 native plugins for Editor in 0.00 ms.
Unloading 1120 Unused Serialized files (Serialized files now loaded: 0)
System memory in use before: 57.6 MB.
System memory in use after: 57.6 MB.

Unloading 5 unused Assets to reduce memory usage. Loaded Objects now: 1631.
Total: 1.466300 ms (FindLiveObjects: 0.132500 ms CreateObjectMapping: 0.026400 ms MarkObjects: 1.256500 ms  DeleteObjects: 0.049400 ms)

========================================================================
Received Prepare
Registering precompiled user dll's ...
Registered in 0.000347 seconds.
Begin MonoManager ReloadAssembly
Native extension for WindowsStandalone target not found
Refreshing native plugins compatible for Editor in 0.20 ms, found 0 plugins.
Preloading 0 native plugins for Editor in 0.00 ms.
Mono: successfully reloaded assembly
- Completed reload, in  0.608 seconds
Platform modules already initialized, skipping
Refreshing native plugins compatible for Editor in 0.16 ms, found 0 plugins.
Preloading 0 native plugins for Editor in 0.00 ms.
Unloading 1120 Unused Serialized files (Serialized files now loaded: 0)
System memory in use before: 57.6 MB.
System memory in use after: 57.6 MB.

Unloading 5 unused Assets to reduce memory usage. Loaded Objects now: 1634.
Total: 1.465400 ms (FindLiveObjects: 0.146300 ms CreateObjectMapping: 0.028800 ms MarkObjects: 1.238000 ms  DeleteObjects: 0.051300 ms)

========================================================================
Received Prepare
Registering precompiled user dll's ...
Registered in 0.000313 seconds.
Begin MonoManager ReloadAssembly
Native extension for WindowsStandalone target not found
Refreshing native plugins compatible for Editor in 0.20 ms, found 0 plugins.
Preloading 0 native plugins for Editor in 0.00 ms.
Mono: successfully reloaded assembly
- Completed reload, in  0.604 seconds
Platform modules already initialized, skipping
Refreshing native plugins compatible for Editor in 0.14 ms, found 0 plugins.
Preloading 0 native plugins for Editor in 0.00 ms.
Unloading 1120 Unused Serialized files (Serialized files now loaded: 0)
System memory in use before: 57.6 MB.
System memory in use after: 57.6 MB.

Unloading 5 unused Assets to reduce memory usage. Loaded Objects now: 1637.
Total: 1.429100 ms (FindLiveObjects: 0.162600 ms CreateObjectMapping: 0.029000 ms MarkObjects: 1.188500 ms  DeleteObjects: 0.048300 ms)

========================================================================
Received Prepare
Registering precompiled user dll's ...
Registered in 0.000371 seconds.
Begin MonoManager ReloadAssembly
Native extension for WindowsStandalone target not found
Refreshing native plugins compatible for Editor in 0.19 ms, found 0 plugins.
Preloading 0 native plugins for Editor in 0.00 ms.
Mono: successfully reloaded assembly
- Completed reload, in  0.610 seconds
Platform modules already initialized, skipping
Refreshing native plugins compatible for Editor in 0.19 ms, found 0 plugins.
Preloading 0 native plugins for Editor in 0.00 ms.
Unloading 1120 Unused Serialized files (Serialized files now loaded: 0)
System memory in use before: 57.6 MB.
System memory in use after: 57.7 MB.

Unloading 5 unused Assets to reduce memory usage. Loaded Objects now: 1640.
Total: 1.617800 ms (FindLiveObjects: 0.159200 ms CreateObjectMapping: 0.029700 ms MarkObjects: 1.371900 ms  DeleteObjects: 0.056000 ms)

========================================================================
Received Prepare
Registering precompiled user dll's ...
Registered in 0.000354 seconds.
Begin MonoManager ReloadAssembly
Native extension for WindowsStandalone target not found
Refreshing native plugins compatible for Editor in 0.20 ms, found 0 plugins.
Preloading 0 native plugins for Editor in 0.00 ms.
Mono: successfully reloaded assembly
- Completed reload, in  0.618 seconds
Platform modules already initialized, skipping
Refreshing native plugins compatible for Editor in 0.16 ms, found 0 plugins.
Preloading 0 native plugins for Editor in 0.00 ms.
Unloading 1120 Unused Serialized files (Serialized files now loaded: 0)
System memory in use before: 57.6 MB.
System memory in use after: 57.7 MB.

Unloading 5 unused Assets to reduce memory usage. Loaded Objects now: 1643.
Total: 1.542600 ms (FindLiveObjects: 0.141000 ms CreateObjectMapping: 0.027500 ms MarkObjects: 1.324200 ms  DeleteObjects: 0.048800 ms)

========================================================================
Received Prepare
Registering precompiled user dll's ...
Registered in 0.000333 seconds.
Begin MonoManager ReloadAssembly
Native extension for WindowsStandalone target not found
Refreshing native plugins compatible for Editor in 0.20 ms, found 0 plugins.
Preloading 0 native plugins for Editor in 0.00 ms.
Mono: successfully reloaded assembly
- Completed reload, in  0.607 seconds
Platform modules already initialized, skipping
Refreshing native plugins compatible for Editor in 0.14 ms, found 0 plugins.
Preloading 0 native plugins for Editor in 0.00 ms.
Unloading 1120 Unused Serialized files (Serialized files now loaded: 0)
System memory in use before: 57.6 MB.
System memory in use after: 57.7 MB.

Unloading 5 unused Assets to reduce memory usage. Loaded Objects now: 1646.
Total: 1.531400 ms (FindLiveObjects: 0.134700 ms CreateObjectMapping: 0.028000 ms MarkObjects: 1.318700 ms  DeleteObjects: 0.049100 ms)

========================================================================
Received Prepare
Registering precompiled user dll's ...
Registered in 0.000364 seconds.
Begin MonoManager ReloadAssembly
Native extension for WindowsStandalone target not found
Refreshing native plugins compatible for Editor in 0.19 ms, found 0 plugins.
Preloading 0 native plugins for Editor in 0.00 ms.
Mono: successfully reloaded assembly
- Completed reload, in  0.609 seconds
Platform modules already initialized, skipping
Refreshing native plugins compatible for Editor in 0.16 ms, found 0 plugins.
Preloading 0 native plugins for Editor in 0.00 ms.
Unloading 1120 Unused Serialized files (Serialized files now loaded: 0)
System memory in use before: 57.6 MB.
System memory in use after: 57.7 MB.

Unloading 5 unused Assets to reduce memory usage. Loaded Objects now: 1649.
Total: 1.504100 ms (FindLiveObjects: 0.140100 ms CreateObjectMapping: 0.028000 ms MarkObjects: 1.285000 ms  DeleteObjects: 0.050100 ms)

========================================================================
Received Prepare
Registering precompiled user dll's ...
Registered in 0.000396 seconds.
Begin MonoManager ReloadAssembly
Native extension for WindowsStandalone target not found
Refreshing native plugins compatible for Editor in 0.19 ms, found 0 plugins.
Preloading 0 native plugins for Editor in 0.00 ms.
Mono: successfully reloaded assembly
- Completed reload, in  0.613 seconds
Platform modules already initialized, skipping
Refreshing native plugins compatible for Editor in 0.15 ms, found 0 plugins.
Preloading 0 native plugins for Editor in 0.00 ms.
Unloading 1120 Unused Serialized files (Serialized files now loaded: 0)
System memory in use before: 57.6 MB.
System memory in use after: 57.7 MB.

Unloading 5 unused Assets to reduce memory usage. Loaded Objects now: 1652.
Total: 1.618900 ms (FindLiveObjects: 0.140100 ms CreateObjectMapping: 0.030000 ms MarkObjects: 1.397000 ms  DeleteObjects: 0.050900 ms)

========================================================================
Received Prepare
Registering precompiled user dll's ...
Registered in 0.000345 seconds.
Begin MonoManager ReloadAssembly
Native extension for WindowsStandalone target not found
Refreshing native plugins compatible for Editor in 0.20 ms, found 0 plugins.
Preloading 0 native plugins for Editor in 0.00 ms.
Mono: successfully reloaded assembly
- Completed reload, in  0.619 seconds
Platform modules already initialized, skipping
Refreshing native plugins compatible for Editor in 0.16 ms, found 0 plugins.
Preloading 0 native plugins for Editor in 0.00 ms.
Unloading 1120 Unused Serialized files (Serialized files now loaded: 0)
System memory in use before: 57.6 MB.
System memory in use after: 57.7 MB.

Unloading 5 unused Assets to reduce memory usage. Loaded Objects now: 1655.
Total: 1.375200 ms (FindLiveObjects: 0.135600 ms CreateObjectMapping: 0.029800 ms MarkObjects: 1.163300 ms  DeleteObjects: 0.045600 ms)

========================================================================
Received Prepare
Registering precompiled user dll's ...
Registered in 0.000344 seconds.
Begin MonoManager ReloadAssembly
Native extension for WindowsStandalone target not found
Refreshing native plugins compatible for Editor in 0.20 ms, found 0 plugins.
Preloading 0 native plugins for Editor in 0.00 ms.
Mono: successfully reloaded assembly
- Completed reload, in  0.620 seconds
Platform modules already initialized, skipping
Refreshing native plugins compatible for Editor in 0.18 ms, found 0 plugins.
Preloading 0 native plugins for Editor in 0.00 ms.
Unloading 1120 Unused Serialized files (Serialized files now loaded: 0)
System memory in use before: 57.6 MB.
System memory in use after: 57.7 MB.

Unloading 5 unused Assets to reduce memory usage. Loaded Objects now: 1658.
Total: 1.658000 ms (FindLiveObjects: 0.142200 ms CreateObjectMapping: 0.024500 ms MarkObjects: 1.446300 ms  DeleteObjects: 0.044100 ms)

========================================================================
Received Prepare
Registering precompiled user dll's ...
Registered in 0.000329 seconds.
Begin MonoManager ReloadAssembly
Native extension for WindowsStandalone target not found
Refreshing native plugins compatible for Editor in 0.20 ms, found 0 plugins.
Preloading 0 native plugins for Editor in 0.00 ms.
Mono: successfully reloaded assembly
- Completed reload, in  0.603 seconds
Platform modules already initialized, skipping
Refreshing native plugins compatible for Editor in 0.15 ms, found 0 plugins.
Preloading 0 native plugins for Editor in 0.00 ms.
Unloading 1120 Unused Serialized files (Serialized files now loaded: 0)
System memory in use before: 57.6 MB.
System memory in use after: 57.7 MB.

Unloading 5 unused Assets to reduce memory usage. Loaded Objects now: 1661.
Total: 1.447500 ms (FindLiveObjects: 0.140700 ms CreateObjectMapping: 0.028200 ms MarkObjects: 1.231800 ms  DeleteObjects: 0.046000 ms)

========================================================================
Received Prepare
Registering precompiled user dll's ...
Registered in 0.000349 seconds.
Begin MonoManager ReloadAssembly
Native extension for WindowsStandalone target not found
Refreshing native plugins compatible for Editor in 0.19 ms, found 0 plugins.
Preloading 0 native plugins for Editor in 0.00 ms.
Mono: successfully reloaded assembly
- Completed reload, in  0.623 seconds
Platform modules already initialized, skipping
Refreshing native plugins compatible for Editor in 0.16 ms, found 0 plugins.
Preloading 0 native plugins for Editor in 0.00 ms.
Unloading 1120 Unused Serialized files (Serialized files now loaded: 0)
System memory in use before: 57.6 MB.
System memory in use after: 57.7 MB.

Unloading 5 unused Assets to reduce memory usage. Loaded Objects now: 1664.
Total: 1.688200 ms (FindLiveObjects: 0.157800 ms CreateObjectMapping: 0.029600 ms MarkObjects: 1.453300 ms  DeleteObjects: 0.046500 ms)

========================================================================
Received Prepare
Registering precompiled user dll's ...
Registered in 0.000345 seconds.
Begin MonoManager ReloadAssembly
Native extension for WindowsStandalone target not found
Refreshing native plugins compatible for Editor in 0.19 ms, found 0 plugins.
Preloading 0 native plugins for Editor in 0.00 ms.
Mono: successfully reloaded assembly
- Completed reload, in  0.620 seconds
Platform modules already initialized, skipping
Refreshing native plugins compatible for Editor in 0.17 ms, found 0 plugins.
Preloading 0 native plugins for Editor in 0.00 ms.
Unloading 1120 Unused Serialized files (Serialized files now loaded: 0)
System memory in use before: 57.6 MB.
System memory in use after: 57.7 MB.

Unloading 5 unused Assets to reduce memory usage. Loaded Objects now: 1667.
Total: 1.580300 ms (FindLiveObjects: 0.150300 ms CreateObjectMapping: 0.029900 ms MarkObjects: 1.354100 ms  DeleteObjects: 0.045100 ms)

========================================================================
Received Prepare
Registering precompiled user dll's ...
Registered in 0.000392 seconds.
Begin MonoManager ReloadAssembly
Native extension for WindowsStandalone target not found
Refreshing native plugins compatible for Editor in 0.19 ms, found 0 plugins.
Preloading 0 native plugins for Editor in 0.00 ms.
Mono: successfully reloaded assembly
- Completed reload, in  0.620 seconds
Platform modules already initialized, skipping
Refreshing native plugins compatible for Editor in 0.16 ms, found 0 plugins.
Preloading 0 native plugins for Editor in 0.00 ms.
Unloading 1120 Unused Serialized files (Serialized files now loaded: 0)
System memory in use before: 57.6 MB.
System memory in use after: 57.7 MB.

Unloading 5 unused Assets to reduce memory usage. Loaded Objects now: 1670.
Total: 1.578200 ms (FindLiveObjects: 0.148700 ms CreateObjectMapping: 0.029100 ms MarkObjects: 1.352500 ms  DeleteObjects: 0.046900 ms)

========================================================================
Received Prepare
Registering precompiled user dll's ...
Registered in 0.000358 seconds.
Begin MonoManager ReloadAssembly
Native extension for WindowsStandalone target not found
Refreshing native plugins compatible for Editor in 0.20 ms, found 0 plugins.
Preloading 0 native plugins for Editor in 0.00 ms.
Mono: successfully reloaded assembly
- Completed reload, in  0.632 seconds
Platform modules already initialized, skipping
Refreshing native plugins compatible for Editor in 0.17 ms, found 0 plugins.
Preloading 0 native plugins for Editor in 0.00 ms.
Unloading 1120 Unused Serialized files (Serialized files now loaded: 0)
System memory in use before: 57.6 MB.
System memory in use after: 57.7 MB.

Unloading 5 unused Assets to reduce memory usage. Loaded Objects now: 1673.
Total: 1.695400 ms (FindLiveObjects: 0.150200 ms CreateObjectMapping: 0.030900 ms MarkObjects: 1.461800 ms  DeleteObjects: 0.051600 ms)

========================================================================
Received Prepare
Registering precompiled user dll's ...
Registered in 0.000417 seconds.
Begin MonoManager ReloadAssembly
Native extension for WindowsStandalone target not found
Refreshing native plugins compatible for Editor in 0.19 ms, found 0 plugins.
Preloading 0 native plugins for Editor in 0.00 ms.
Mono: successfully reloaded assembly
- Completed reload, in  0.618 seconds
Platform modules already initialized, skipping
Refreshing native plugins compatible for Editor in 0.15 ms, found 0 plugins.
Preloading 0 native plugins for Editor in 0.00 ms.
Unloading 1120 Unused Serialized files (Serialized files now loaded: 0)
System memory in use before: 57.7 MB.
System memory in use after: 57.8 MB.

Unloading 5 unused Assets to reduce memory usage. Loaded Objects now: 1676.
Total: 1.471600 ms (FindLiveObjects: 0.146200 ms CreateObjectMapping: 0.030100 ms MarkObjects: 1.245900 ms  DeleteObjects: 0.048600 ms)

========================================================================
Received Prepare
Registering precompiled user dll's ...
Registered in 0.000406 seconds.
Begin MonoManager ReloadAssembly
Native extension for WindowsStandalone target not found
Refreshing native plugins compatible for Editor in 0.27 ms, found 0 plugins.
Preloading 0 native plugins for Editor in 0.00 ms.
Mono: successfully reloaded assembly
- Completed reload, in  0.607 seconds
Platform modules already initialized, skipping
Refreshing native plugins compatible for Editor in 0.16 ms, found 0 plugins.
Preloading 0 native plugins for Editor in 0.00 ms.
Unloading 1120 Unused Serialized files (Serialized files now loaded: 0)
System memory in use before: 57.7 MB.
System memory in use after: 57.8 MB.

Unloading 5 unused Assets to reduce memory usage. Loaded Objects now: 1679.
Total: 1.700200 ms (FindLiveObjects: 0.168100 ms CreateObjectMapping: 0.028700 ms MarkObjects: 1.447200 ms  DeleteObjects: 0.054900 ms)

========================================================================
Received Prepare
Registering precompiled user dll's ...
Registered in 0.000347 seconds.
Begin MonoManager ReloadAssembly
Native extension for WindowsStandalone target not found
Refreshing native plugins compatible for Editor in 0.20 ms, found 0 plugins.
Preloading 0 native plugins for Editor in 0.00 ms.
Mono: successfully reloaded assembly
- Completed reload, in  0.610 seconds
Platform modules already initialized, skipping
Refreshing native plugins compatible for Editor in 0.19 ms, found 0 plugins.
Preloading 0 native plugins for Editor in 0.00 ms.
Unloading 1120 Unused Serialized files (Serialized files now loaded: 0)
System memory in use before: 57.7 MB.
System memory in use after: 57.8 MB.

Unloading 5 unused Assets to reduce memory usage. Loaded Objects now: 1682.
Total: 1.567400 ms (FindLiveObjects: 0.130400 ms CreateObjectMapping: 0.024200 ms MarkObjects: 1.367200 ms  DeleteObjects: 0.044700 ms)

========================================================================
Received Prepare
Registering precompiled user dll's ...
Registered in 0.000410 seconds.
Begin MonoManager ReloadAssembly
Native extension for WindowsStandalone target not found
Refreshing native plugins compatible for Editor in 0.19 ms, found 0 plugins.
Preloading 0 native plugins for Editor in 0.00 ms.
Mono: successfully reloaded assembly
- Completed reload, in  0.613 seconds
Platform modules already initialized, skipping
Refreshing native plugins compatible for Editor in 0.16 ms, found 0 plugins.
Preloading 0 native plugins for Editor in 0.00 ms.
Unloading 1120 Unused Serialized files (Serialized files now loaded: 0)
System memory in use before: 57.7 MB.
System memory in use after: 57.8 MB.

Unloading 5 unused Assets to reduce memory usage. Loaded Objects now: 1685.
Total: 1.484600 ms (FindLiveObjects: 0.156700 ms CreateObjectMapping: 0.027700 ms MarkObjects: 1.251700 ms  DeleteObjects: 0.047100 ms)

========================================================================
Received Prepare
Registering precompiled user dll's ...
Registered in 0.000392 seconds.
Begin MonoManager ReloadAssembly
Native extension for WindowsStandalone target not found
Refreshing native plugins compatible for Editor in 0.19 ms, found 0 plugins.
Preloading 0 native plugins for Editor in 0.00 ms.
Mono: successfully reloaded assembly
- Completed reload, in  0.626 seconds
Platform modules already initialized, skipping
Refreshing native plugins compatible for Editor in 0.14 ms, found 0 plugins.
Preloading 0 native plugins for Editor in 0.00 ms.
Unloading 1120 Unused Serialized files (Serialized files now loaded: 0)
System memory in use before: 57.7 MB.
System memory in use after: 57.8 MB.

Unloading 5 unused Assets to reduce memory usage. Loaded Objects now: 1688.
Total: 1.509300 ms (FindLiveObjects: 0.142000 ms CreateObjectMapping: 0.024600 ms MarkObjects: 1.291900 ms  DeleteObjects: 0.050200 ms)

========================================================================
Received Prepare
Registering precompiled user dll's ...
Registered in 0.000333 seconds.
Begin MonoManager ReloadAssembly
Native extension for WindowsStandalone target not found
Refreshing native plugins compatible for Editor in 0.19 ms, found 0 plugins.
Preloading 0 native plugins for Editor in 0.00 ms.
Mono: successfully reloaded assembly
- Completed reload, in  0.607 seconds
Platform modules already initialized, skipping
Refreshing native plugins compatible for Editor in 0.15 ms, found 0 plugins.
Preloading 0 native plugins for Editor in 0.00 ms.
Unloading 1120 Unused Serialized files (Serialized files now loaded: 0)
System memory in use before: 57.7 MB.
System memory in use after: 57.8 MB.

Unloading 5 unused Assets to reduce memory usage. Loaded Objects now: 1691.
Total: 1.544800 ms (FindLiveObjects: 0.157300 ms CreateObjectMapping: 0.029000 ms MarkObjects: 1.312100 ms  DeleteObjects: 0.045500 ms)

========================================================================
Received Prepare
Registering precompiled user dll's ...
Registered in 0.000426 seconds.
Begin MonoManager ReloadAssembly
Native extension for WindowsStandalone target not found
Refreshing native plugins compatible for Editor in 0.19 ms, found 0 plugins.
Preloading 0 native plugins for Editor in 0.00 ms.
Mono: successfully reloaded assembly
- Completed reload, in  0.612 seconds
Platform modules already initialized, skipping
Refreshing native plugins compatible for Editor in 0.19 ms, found 0 plugins.
Preloading 0 native plugins for Editor in 0.00 ms.
Unloading 1120 Unused Serialized files (Serialized files now loaded: 0)
System memory in use before: 57.7 MB.
System memory in use after: 57.8 MB.

Unloading 5 unused Assets to reduce memory usage. Loaded Objects now: 1694.
Total: 1.640500 ms (FindLiveObjects: 0.165400 ms CreateObjectMapping: 0.027500 ms MarkObjects: 1.401500 ms  DeleteObjects: 0.044800 ms)

========================================================================
Received Prepare
Registering precompiled user dll's ...
Registered in 0.000427 seconds.
Begin MonoManager ReloadAssembly
Native extension for WindowsStandalone target not found
Refreshing native plugins compatible for Editor in 0.19 ms, found 0 plugins.
Preloading 0 native plugins for Editor in 0.00 ms.
Mono: successfully reloaded assembly
- Completed reload, in  0.608 seconds
Platform modules already initialized, skipping
Refreshing native plugins compatible for Editor in 0.16 ms, found 0 plugins.
Preloading 0 native plugins for Editor in 0.00 ms.
Unloading 1120 Unused Serialized files (Serialized files now loaded: 0)
System memory in use before: 57.7 MB.
System memory in use after: 57.8 MB.

Unloading 5 unused Assets to reduce memory usage. Loaded Objects now: 1697.
Total: 1.483700 ms (FindLiveObjects: 0.183400 ms CreateObjectMapping: 0.029100 ms MarkObjects: 1.225000 ms  DeleteObjects: 0.045400 ms)

========================================================================
Received Prepare
Registering precompiled user dll's ...
Registered in 0.000329 seconds.
Begin MonoManager ReloadAssembly
Native extension for WindowsStandalone target not found
Refreshing native plugins compatible for Editor in 0.20 ms, found 0 plugins.
Preloading 0 native plugins for Editor in 0.00 ms.
Mono: successfully reloaded assembly
- Completed reload, in  0.595 seconds
Platform modules already initialized, skipping
Refreshing native plugins compatible for Editor in 0.14 ms, found 0 plugins.
Preloading 0 native plugins for Editor in 0.00 ms.
Unloading 1120 Unused Serialized files (Serialized files now loaded: 0)
System memory in use before: 57.7 MB.
System memory in use after: 57.8 MB.

Unloading 5 unused Assets to reduce memory usage. Loaded Objects now: 1700.
Total: 1.615700 ms (FindLiveObjects: 0.158200 ms CreateObjectMapping: 0.030300 ms MarkObjects: 1.381400 ms  DeleteObjects: 0.045000 ms)

========================================================================
Received Prepare
Registering precompiled user dll's ...
Registered in 0.000382 seconds.
Begin MonoManager ReloadAssembly
Native extension for WindowsStandalone target not found
Refreshing native plugins compatible for Editor in 0.20 ms, found 0 plugins.
Preloading 0 native plugins for Editor in 0.00 ms.
Mono: successfully reloaded assembly
- Completed reload, in  0.599 seconds
Platform modules already initialized, skipping
Refreshing native plugins compatible for Editor in 0.14 ms, found 0 plugins.
Preloading 0 native plugins for Editor in 0.00 ms.
Unloading 1120 Unused Serialized files (Serialized files now loaded: 0)
System memory in use before: 57.7 MB.
System memory in use after: 57.8 MB.

Unloading 5 unused Assets to reduce memory usage. Loaded Objects now: 1703.
Total: 1.425700 ms (FindLiveObjects: 0.142500 ms CreateObjectMapping: 0.029800 ms MarkObjects: 1.208500 ms  DeleteObjects: 0.043600 ms)

========================================================================
Received Prepare
Registering precompiled user dll's ...
Registered in 0.000361 seconds.
Begin MonoManager ReloadAssembly
Native extension for WindowsStandalone target not found
Refreshing native plugins compatible for Editor in 0.19 ms, found 0 plugins.
Preloading 0 native plugins for Editor in 0.00 ms.
Mono: successfully reloaded assembly
- Completed reload, in  0.616 seconds
Platform modules already initialized, skipping
Refreshing native plugins compatible for Editor in 0.14 ms, found 0 plugins.
Preloading 0 native plugins for Editor in 0.00 ms.
Unloading 1120 Unused Serialized files (Serialized files now loaded: 0)
System memory in use before: 57.7 MB.
System memory in use after: 57.8 MB.

Unloading 5 unused Assets to reduce memory usage. Loaded Objects now: 1706.
Total: 1.541400 ms (FindLiveObjects: 0.166500 ms CreateObjectMapping: 0.031500 ms MarkObjects: 1.293200 ms  DeleteObjects: 0.049400 ms)

========================================================================
Received Prepare
Registering precompiled user dll's ...
Registered in 0.000339 seconds.
Begin MonoManager ReloadAssembly
Native extension for WindowsStandalone target not found
Refreshing native plugins compatible for Editor in 0.20 ms, found 0 plugins.
Preloading 0 native plugins for Editor in 0.00 ms.
Mono: successfully reloaded assembly
- Completed reload, in  0.603 seconds
Platform modules already initialized, skipping
Refreshing native plugins compatible for Editor in 0.16 ms, found 0 plugins.
Preloading 0 native plugins for Editor in 0.00 ms.
Unloading 1120 Unused Serialized files (Serialized files now loaded: 0)
System memory in use before: 57.7 MB.
System memory in use after: 57.8 MB.

Unloading 5 unused Assets to reduce memory usage. Loaded Objects now: 1709.
Total: 1.659700 ms (FindLiveObjects: 0.152200 ms CreateObjectMapping: 0.030900 ms MarkObjects: 1.424400 ms  DeleteObjects: 0.051200 ms)

========================================================================
Received Prepare
Registering precompiled user dll's ...
Registered in 0.000341 seconds.
Begin MonoManager ReloadAssembly
Native extension for WindowsStandalone target not found
Refreshing native plugins compatible for Editor in 0.19 ms, found 0 plugins.
Preloading 0 native plugins for Editor in 0.00 ms.
Mono: successfully reloaded assembly
- Completed reload, in  0.615 seconds
Platform modules already initialized, skipping
Refreshing native plugins compatible for Editor in 0.18 ms, found 0 plugins.
Preloading 0 native plugins for Editor in 0.00 ms.
Unloading 1120 Unused Serialized files (Serialized files now loaded: 0)
System memory in use before: 57.7 MB.
System memory in use after: 57.8 MB.

Unloading 5 unused Assets to reduce memory usage. Loaded Objects now: 1712.
Total: 1.571500 ms (FindLiveObjects: 0.163400 ms CreateObjectMapping: 0.030500 ms MarkObjects: 1.330700 ms  DeleteObjects: 0.046100 ms)

========================================================================
Received Prepare
Registering precompiled user dll's ...
Registered in 0.000353 seconds.
Begin MonoManager ReloadAssembly
Native extension for WindowsStandalone target not found
Refreshing native plugins compatible for Editor in 0.20 ms, found 0 plugins.
Preloading 0 native plugins for Editor in 0.00 ms.
Mono: successfully reloaded assembly
- Completed reload, in  0.621 seconds
Platform modules already initialized, skipping
Refreshing native plugins compatible for Editor in 0.17 ms, found 0 plugins.
Preloading 0 native plugins for Editor in 0.00 ms.
Unloading 1120 Unused Serialized files (Serialized files now loaded: 0)
System memory in use before: 57.8 MB.
System memory in use after: 57.8 MB.

Unloading 5 unused Assets to reduce memory usage. Loaded Objects now: 1715.
Total: 1.573000 ms (FindLiveObjects: 0.164000 ms CreateObjectMapping: 0.029700 ms MarkObjects: 1.332300 ms  DeleteObjects: 0.045900 ms)

========================================================================
Received Prepare
Registering precompiled user dll's ...
Registered in 0.000324 seconds.
Begin MonoManager ReloadAssembly
Native extension for WindowsStandalone target not found
Refreshing native plugins compatible for Editor in 0.20 ms, found 0 plugins.
Preloading 0 native plugins for Editor in 0.00 ms.
Mono: successfully reloaded assembly
- Completed reload, in  0.605 seconds
Platform modules already initialized, skipping
Refreshing native plugins compatible for Editor in 0.15 ms, found 0 plugins.
Preloading 0 native plugins for Editor in 0.00 ms.
Unloading 1120 Unused Serialized files (Serialized files now loaded: 0)
System memory in use before: 57.8 MB.
System memory in use after: 57.8 MB.

Unloading 5 unused Assets to reduce memory usage. Loaded Objects now: 1718.
Total: 1.593400 ms (FindLiveObjects: 0.161700 ms CreateObjectMapping: 0.030700 ms MarkObjects: 1.350900 ms  DeleteObjects: 0.049000 ms)

========================================================================
Received Prepare
Registering precompiled user dll's ...
Registered in 0.000356 seconds.
Begin MonoManager ReloadAssembly
Native extension for WindowsStandalone target not found
Refreshing native plugins compatible for Editor in 0.20 ms, found 0 plugins.
Preloading 0 native plugins for Editor in 0.00 ms.
Mono: successfully reloaded assembly
- Completed reload, in  0.610 seconds
Platform modules already initialized, skipping
Refreshing native plugins compatible for Editor in 0.17 ms, found 0 plugins.
Preloading 0 native plugins for Editor in 0.00 ms.
Unloading 1120 Unused Serialized files (Serialized files now loaded: 0)
System memory in use before: 57.8 MB.
System memory in use after: 57.8 MB.

Unloading 5 unused Assets to reduce memory usage. Loaded Objects now: 1721.
Total: 1.557300 ms (FindLiveObjects: 0.181300 ms CreateObjectMapping: 0.031400 ms MarkObjects: 1.301500 ms  DeleteObjects: 0.042300 ms)

========================================================================
Received Prepare
Registering precompiled user dll's ...
Registered in 0.000325 seconds.
Begin MonoManager ReloadAssembly
Native extension for WindowsStandalone target not found
Refreshing native plugins compatible for Editor in 0.20 ms, found 0 plugins.
Preloading 0 native plugins for Editor in 0.00 ms.
Mono: successfully reloaded assembly
- Completed reload, in  0.603 seconds
Platform modules already initialized, skipping
Refreshing native plugins compatible for Editor in 0.15 ms, found 0 plugins.
Preloading 0 native plugins for Editor in 0.00 ms.
Unloading 1120 Unused Serialized files (Serialized files now loaded: 0)
System memory in use before: 57.8 MB.
System memory in use after: 57.8 MB.

Unloading 5 unused Assets to reduce memory usage. Loaded Objects now: 1724.
Total: 1.680100 ms (FindLiveObjects: 0.149700 ms CreateObjectMapping: 0.029100 ms MarkObjects: 1.455300 ms  DeleteObjects: 0.044900 ms)

========================================================================
Received Prepare
Registering precompiled user dll's ...
Registered in 0.000331 seconds.
Begin MonoManager ReloadAssembly
Native extension for WindowsStandalone target not found
Refreshing native plugins compatible for Editor in 0.20 ms, found 0 plugins.
Preloading 0 native plugins for Editor in 0.00 ms.
Mono: successfully reloaded assembly
- Completed reload, in  0.613 seconds
Platform modules already initialized, skipping
Refreshing native plugins compatible for Editor in 0.15 ms, found 0 plugins.
Preloading 0 native plugins for Editor in 0.00 ms.
Unloading 1120 Unused Serialized files (Serialized files now loaded: 0)
System memory in use before: 57.8 MB.
System memory in use after: 57.8 MB.

Unloading 5 unused Assets to reduce memory usage. Loaded Objects now: 1727.
Total: 1.531500 ms (FindLiveObjects: 0.172500 ms CreateObjectMapping: 0.024400 ms MarkObjects: 1.284800 ms  DeleteObjects: 0.048900 ms)

========================================================================
Received Prepare
Registering precompiled user dll's ...
Registered in 0.000352 seconds.
Begin MonoManager ReloadAssembly
Native extension for WindowsStandalone target not found
Refreshing native plugins compatible for Editor in 0.19 ms, found 0 plugins.
Preloading 0 native plugins for Editor in 0.00 ms.
Mono: successfully reloaded assembly
- Completed reload, in  0.615 seconds
Platform modules already initialized, skipping
Refreshing native plugins compatible for Editor in 0.18 ms, found 0 plugins.
Preloading 0 native plugins for Editor in 0.00 ms.
Unloading 1120 Unused Serialized files (Serialized files now loaded: 0)
System memory in use before: 57.7 MB.
System memory in use after: 57.8 MB.

Unloading 5 unused Assets to reduce memory usage. Loaded Objects now: 1730.
Total: 1.638800 ms (FindLiveObjects: 0.151100 ms CreateObjectMapping: 0.030600 ms MarkObjects: 1.405000 ms  DeleteObjects: 0.051400 ms)

========================================================================
Received Prepare
Registering precompiled user dll's ...
Registered in 0.000342 seconds.
Begin MonoManager ReloadAssembly
Native extension for WindowsStandalone target not found
Refreshing native plugins compatible for Editor in 0.21 ms, found 0 plugins.
Preloading 0 native plugins for Editor in 0.00 ms.
Mono: successfully reloaded assembly
- Completed reload, in  0.619 seconds
Platform modules already initialized, skipping
Refreshing native plugins compatible for Editor in 0.14 ms, found 0 plugins.
Preloading 0 native plugins for Editor in 0.00 ms.
Unloading 1120 Unused Serialized files (Serialized files now loaded: 0)
System memory in use before: 57.7 MB.
System memory in use after: 57.8 MB.

Unloading 5 unused Assets to reduce memory usage. Loaded Objects now: 1733.
Total: 1.568100 ms (FindLiveObjects: 0.238200 ms CreateObjectMapping: 0.029000 ms MarkObjects: 1.253000 ms  DeleteObjects: 0.047000 ms)

========================================================================
Received Import Request.
  Time since last request: 3864.457671 seconds.
  path: Assets/Scripts/Spells/Painters
  artifactKey: Guid(8094696af16fb6d4ab7e28c54f013a22) Importer(815301076,1909f56bfc062723c751e8b465ee728b)
Start importing Assets/Scripts/Spells/Painters using Guid(8094696af16fb6d4ab7e28c54f013a22) Importer(815301076,1909f56bfc062723c751e8b465ee728b)  -> (artifact id: '83186b9bc5923604337d0188dd6fb2c3') in 0.003008 seconds
  Import took 0.004536 seconds .

========================================================================
Received Import Request.
  Time since last request: 0.000436 seconds.
  path: Assets/Scripts/Spells/Painters
  artifactKey: Guid(8094696af16fb6d4ab7e28c54f013a22) Importer(815301076,1909f56bfc062723c751e8b465ee728b)
Start importing Assets/Scripts/Spells/Painters using Guid(8094696af16fb6d4ab7e28c54f013a22) Importer(815301076,1909f56bfc062723c751e8b465ee728b)  -> (artifact id: '83186b9bc5923604337d0188dd6fb2c3') in 0.000899 seconds
  Import took 0.001998 seconds .

========================================================================
Received Prepare
Registering precompiled user dll's ...
Registered in 0.000372 seconds.
Begin MonoManager ReloadAssembly
Native extension for WindowsStandalone target not found
Refreshing native plugins compatible for Editor in 0.19 ms, found 0 plugins.
Preloading 0 native plugins for Editor in 0.00 ms.
Mono: successfully reloaded assembly
- Completed reload, in  0.624 seconds
Platform modules already initialized, skipping
Refreshing native plugins compatible for Editor in 0.17 ms, found 0 plugins.
Preloading 0 native plugins for Editor in 0.00 ms.
Unloading 1120 Unused Serialized files (Serialized files now loaded: 0)
System memory in use before: 57.7 MB.
System memory in use after: 57.8 MB.

Unloading 5 unused Assets to reduce memory usage. Loaded Objects now: 1736.
Total: 1.454700 ms (FindLiveObjects: 0.139700 ms CreateObjectMapping: 0.025100 ms MarkObjects: 1.244200 ms  DeleteObjects: 0.044800 ms)

========================================================================
Received Import Request.
  Time since last request: 97.294906 seconds.
  path: Assets/Scripts/Spells/Painters/SpellPainter.cs
  artifactKey: Guid(5f25c7e8804c8ec468da05b8d934b58a) Importer(815301076,1909f56bfc062723c751e8b465ee728b)
Start importing Assets/Scripts/Spells/Painters/SpellPainter.cs using Guid(5f25c7e8804c8ec468da05b8d934b58a) Importer(815301076,1909f56bfc062723c751e8b465ee728b)  -> (artifact id: 'ebdf984281198b58c490468c7907f230') in 0.002975 seconds
  Import took 0.004602 seconds .

========================================================================
Received Import Request.
  Time since last request: 0.000809 seconds.
  path: Assets/Scripts/Spells/Painters/SpellPainter.cs
  artifactKey: Guid(5f25c7e8804c8ec468da05b8d934b58a) Importer(815301076,1909f56bfc062723c751e8b465ee728b)
Start importing Assets/Scripts/Spells/Painters/SpellPainter.cs using Guid(5f25c7e8804c8ec468da05b8d934b58a) Importer(815301076,1909f56bfc062723c751e8b465ee728b)  -> (artifact id: 'ebdf984281198b58c490468c7907f230') in 0.001110 seconds
  Import took 0.002501 seconds .

========================================================================
Received Prepare
Registering precompiled user dll's ...
Registered in 0.000343 seconds.
Begin MonoManager ReloadAssembly
Native extension for WindowsStandalone target not found
Refreshing native plugins compatible for Editor in 0.20 ms, found 0 plugins.
Preloading 0 native plugins for Editor in 0.00 ms.
Mono: successfully reloaded assembly
- Completed reload, in  0.633 seconds
Platform modules already initialized, skipping
Refreshing native plugins compatible for Editor in 0.16 ms, found 0 plugins.
Preloading 0 native plugins for Editor in 0.00 ms.
Unloading 1121 Unused Serialized files (Serialized files now loaded: 0)
System memory in use before: 57.8 MB.
System memory in use after: 57.8 MB.

Unloading 5 unused Assets to reduce memory usage. Loaded Objects now: 1740.
Total: 1.516200 ms (FindLiveObjects: 0.164700 ms CreateObjectMapping: 0.028700 ms MarkObjects: 1.276800 ms  DeleteObjects: 0.044900 ms)

========================================================================
Received Prepare
Registering precompiled user dll's ...
Registered in 0.000323 seconds.
Begin MonoManager ReloadAssembly
Native extension for WindowsStandalone target not found
Refreshing native plugins compatible for Editor in 0.21 ms, found 0 plugins.
Preloading 0 native plugins for Editor in 0.00 ms.
Mono: successfully reloaded assembly
- Completed reload, in  0.624 seconds
Platform modules already initialized, skipping
Refreshing native plugins compatible for Editor in 0.14 ms, found 0 plugins.
Preloading 0 native plugins for Editor in 0.00 ms.
Unloading 1121 Unused Serialized files (Serialized files now loaded: 0)
System memory in use before: 57.8 MB.
System memory in use after: 57.9 MB.

Unloading 5 unused Assets to reduce memory usage. Loaded Objects now: 1743.
Total: 1.557800 ms (FindLiveObjects: 0.160800 ms CreateObjectMapping: 0.029600 ms MarkObjects: 1.320600 ms  DeleteObjects: 0.046000 ms)

========================================================================
Received Prepare
Registering precompiled user dll's ...
Registered in 0.000369 seconds.
Begin MonoManager ReloadAssembly
Native extension for WindowsStandalone target not found
Refreshing native plugins compatible for Editor in 0.20 ms, found 0 plugins.
Preloading 0 native plugins for Editor in 0.00 ms.
Mono: successfully reloaded assembly
- Completed reload, in  0.623 seconds
Platform modules already initialized, skipping
Refreshing native plugins compatible for Editor in 0.16 ms, found 0 plugins.
Preloading 0 native plugins for Editor in 0.00 ms.
Unloading 1121 Unused Serialized files (Serialized files now loaded: 0)
System memory in use before: 57.8 MB.
System memory in use after: 57.9 MB.

Unloading 5 unused Assets to reduce memory usage. Loaded Objects now: 1746.
Total: 1.600000 ms (FindLiveObjects: 0.233800 ms CreateObjectMapping: 0.049300 ms MarkObjects: 1.267800 ms  DeleteObjects: 0.048300 ms)

========================================================================
Received Import Request.
  Time since last request: 870.229607 seconds.
  path: Assets/Scripts/Spells/Painters/SpellPainter.cs
  artifactKey: Guid(5f25c7e8804c8ec468da05b8d934b58a) Importer(815301076,1909f56bfc062723c751e8b465ee728b)
Start importing Assets/Scripts/Spells/Painters/SpellPainter.cs using Guid(5f25c7e8804c8ec468da05b8d934b58a) Importer(815301076,1909f56bfc062723c751e8b465ee728b)  -> (artifact id: '27e7ca421a7c6a19f84c6524febf35b2') in 0.002851 seconds
  Import took 0.004369 seconds .

========================================================================
Received Import Request.
  Time since last request: 0.002389 seconds.
  path: Assets/Scripts/Spells/Painters/SpellPainter.cs
  artifactKey: Guid(5f25c7e8804c8ec468da05b8d934b58a) Importer(815301076,1909f56bfc062723c751e8b465ee728b)
Start importing Assets/Scripts/Spells/Painters/SpellPainter.cs using Guid(5f25c7e8804c8ec468da05b8d934b58a) Importer(815301076,1909f56bfc062723c751e8b465ee728b)  -> (artifact id: '27e7ca421a7c6a19f84c6524febf35b2') in 0.000879 seconds
  Import took 0.002079 seconds .

========================================================================
Received Import Request.
  Time since last request: 39.763186 seconds.
  path: Assets/Scripts/Spells/SpellsCollection.cs
  artifactKey: Guid(4df3ac8b82ff82a4c9acb10914e4f55f) Importer(815301076,1909f56bfc062723c751e8b465ee728b)
Start importing Assets/Scripts/Spells/SpellsCollection.cs using Guid(4df3ac8b82ff82a4c9acb10914e4f55f) Importer(815301076,1909f56bfc062723c751e8b465ee728b)  -> (artifact id: '607834dcfa5fc1fb7b148417369935f9') in 0.001111 seconds
  Import took 0.002516 seconds .

========================================================================
Received Import Request.
  Time since last request: 0.001132 seconds.
  path: Assets/Scripts/Spells/SpellsCollection.cs
  artifactKey: Guid(4df3ac8b82ff82a4c9acb10914e4f55f) Importer(815301076,1909f56bfc062723c751e8b465ee728b)
Start importing Assets/Scripts/Spells/SpellsCollection.cs using Guid(4df3ac8b82ff82a4c9acb10914e4f55f) Importer(815301076,1909f56bfc062723c751e8b465ee728b)  -> (artifact id: '607834dcfa5fc1fb7b148417369935f9') in 0.000862 seconds
  Import took 0.002139 seconds .

========================================================================
Received Import Request.
  Time since last request: 0.374223 seconds.
  path: Assets/Scripts/Spells/BaseSpell.cs
  artifactKey: Guid(26f58b7a8b885bd49bfea1b30a2bd755) Importer(815301076,1909f56bfc062723c751e8b465ee728b)
Start importing Assets/Scripts/Spells/BaseSpell.cs using Guid(26f58b7a8b885bd49bfea1b30a2bd755) Importer(815301076,1909f56bfc062723c751e8b465ee728b)  -> (artifact id: 'e20b7530c8ca127d207b2e04e0f4324b') in 0.001241 seconds
  Import took 0.002849 seconds .

========================================================================
Received Import Request.
  Time since last request: 0.004676 seconds.
  path: Assets/Scripts/Spells/BaseSpell.cs
  artifactKey: Guid(26f58b7a8b885bd49bfea1b30a2bd755) Importer(815301076,1909f56bfc062723c751e8b465ee728b)
Start importing Assets/Scripts/Spells/BaseSpell.cs using Guid(26f58b7a8b885bd49bfea1b30a2bd755) Importer(815301076,1909f56bfc062723c751e8b465ee728b)  -> (artifact id: 'e20b7530c8ca127d207b2e04e0f4324b') in 0.001113 seconds
  Import took 0.002640 seconds .

========================================================================
Received Prepare
Registering precompiled user dll's ...
Registered in 0.000334 seconds.
Begin MonoManager ReloadAssembly
Native extension for WindowsStandalone target not found
Refreshing native plugins compatible for Editor in 0.19 ms, found 0 plugins.
Preloading 0 native plugins for Editor in 0.00 ms.
Mono: successfully reloaded assembly
- Completed reload, in  0.641 seconds
Platform modules already initialized, skipping
Refreshing native plugins compatible for Editor in 0.15 ms, found 0 plugins.
Preloading 0 native plugins for Editor in 0.00 ms.
Unloading 1121 Unused Serialized files (Serialized files now loaded: 0)
System memory in use before: 57.8 MB.
System memory in use after: 57.9 MB.

Unloading 5 unused Assets to reduce memory usage. Loaded Objects now: 1749.
Total: 1.713600 ms (FindLiveObjects: 0.164900 ms CreateObjectMapping: 0.032000 ms MarkObjects: 1.462300 ms  DeleteObjects: 0.053200 ms)

========================================================================
Received Prepare
Registering precompiled user dll's ...
Registered in 0.000342 seconds.
Begin MonoManager ReloadAssembly
Native extension for WindowsStandalone target not found
Refreshing native plugins compatible for Editor in 0.20 ms, found 0 plugins.
Preloading 0 native plugins for Editor in 0.00 ms.
Mono: successfully reloaded assembly
- Completed reload, in  0.612 seconds
Platform modules already initialized, skipping
Refreshing native plugins compatible for Editor in 0.18 ms, found 0 plugins.
Preloading 0 native plugins for Editor in 0.00 ms.
Unloading 1121 Unused Serialized files (Serialized files now loaded: 0)
System memory in use before: 57.8 MB.
System memory in use after: 57.9 MB.

Unloading 5 unused Assets to reduce memory usage. Loaded Objects now: 1752.
Total: 1.500700 ms (FindLiveObjects: 0.171800 ms CreateObjectMapping: 0.030200 ms MarkObjects: 1.251400 ms  DeleteObjects: 0.046700 ms)

========================================================================
Received Import Request.
  Time since last request: 685.062604 seconds.
  path: Assets/Resources/ShieldPainter.prefab
  artifactKey: Guid(fdd9c25ceee366a45909861d023ec3ef) Importer(815301076,1909f56bfc062723c751e8b465ee728b)
Start importing Assets/Resources/ShieldPainter.prefab using Guid(fdd9c25ceee366a45909861d023ec3ef) Importer(815301076,1909f56bfc062723c751e8b465ee728b)  -> (artifact id: '6043bb4d09327676e22abc988d1e5b15') in 0.022950 seconds
  Import took 0.024671 seconds .

========================================================================
Received Import Request.
  Time since last request: 0.010431 seconds.
  path: Assets/Resources/ShieldPainter.prefab
  artifactKey: Guid(fdd9c25ceee366a45909861d023ec3ef) Importer(815301076,1909f56bfc062723c751e8b465ee728b)
Start importing Assets/Resources/ShieldPainter.prefab using Guid(fdd9c25ceee366a45909861d023ec3ef) Importer(815301076,1909f56bfc062723c751e8b465ee728b)  -> (artifact id: '6043bb4d09327676e22abc988d1e5b15') in 0.002076 seconds
  Import took 0.003518 seconds .

========================================================================
Received Prepare
Registering precompiled user dll's ...
Registered in 0.000329 seconds.
Begin MonoManager ReloadAssembly
Native extension for WindowsStandalone target not found
Refreshing native plugins compatible for Editor in 0.20 ms, found 0 plugins.
Preloading 0 native plugins for Editor in 0.00 ms.
Mono: successfully reloaded assembly
- Completed reload, in  0.610 seconds
Platform modules already initialized, skipping
Refreshing native plugins compatible for Editor in 0.15 ms, found 0 plugins.
Preloading 0 native plugins for Editor in 0.00 ms.
Unloading 1121 Unused Serialized files (Serialized files now loaded: 0)
System memory in use before: 57.8 MB.
System memory in use after: 57.9 MB.

Unloading 5 unused Assets to reduce memory usage. Loaded Objects now: 1755.
Total: 1.556300 ms (FindLiveObjects: 0.136200 ms CreateObjectMapping: 0.024700 ms MarkObjects: 1.347800 ms  DeleteObjects: 0.046900 ms)

========================================================================
Received Prepare
Registering precompiled user dll's ...
Registered in 0.000374 seconds.
Begin MonoManager ReloadAssembly
Native extension for WindowsStandalone target not found
Refreshing native plugins compatible for Editor in 0.20 ms, found 0 plugins.
Preloading 0 native plugins for Editor in 0.00 ms.
Mono: successfully reloaded assembly
- Completed reload, in  0.616 seconds
Platform modules already initialized, skipping
Refreshing native plugins compatible for Editor in 0.19 ms, found 0 plugins.
Preloading 0 native plugins for Editor in 0.00 ms.
Unloading 1121 Unused Serialized files (Serialized files now loaded: 0)
System memory in use before: 57.8 MB.
System memory in use after: 57.9 MB.

Unloading 5 unused Assets to reduce memory usage. Loaded Objects now: 1758.
Total: 1.760800 ms (FindLiveObjects: 0.189200 ms CreateObjectMapping: 0.031500 ms MarkObjects: 1.488100 ms  DeleteObjects: 0.050800 ms)

========================================================================
Received Prepare
Registering precompiled user dll's ...
Registered in 0.000348 seconds.
Begin MonoManager ReloadAssembly
Native extension for WindowsStandalone target not found
Refreshing native plugins compatible for Editor in 0.21 ms, found 0 plugins.
Preloading 0 native plugins for Editor in 0.00 ms.
Mono: successfully reloaded assembly
- Completed reload, in  0.612 seconds
Platform modules already initialized, skipping
Refreshing native plugins compatible for Editor in 0.18 ms, found 0 plugins.
Preloading 0 native plugins for Editor in 0.00 ms.
Unloading 1121 Unused Serialized files (Serialized files now loaded: 0)
System memory in use before: 57.8 MB.
System memory in use after: 57.9 MB.

Unloading 5 unused Assets to reduce memory usage. Loaded Objects now: 1761.
Total: 1.609600 ms (FindLiveObjects: 0.168500 ms CreateObjectMapping: 0.032600 ms MarkObjects: 1.361300 ms  DeleteObjects: 0.046300 ms)

========================================================================
Received Prepare
Registering precompiled user dll's ...
Registered in 0.000356 seconds.
Begin MonoManager ReloadAssembly
Native extension for WindowsStandalone target not found
Refreshing native plugins compatible for Editor in 0.20 ms, found 0 plugins.
Preloading 0 native plugins for Editor in 0.00 ms.
Mono: successfully reloaded assembly
- Completed reload, in  0.616 seconds
Platform modules already initialized, skipping
Refreshing native plugins compatible for Editor in 0.16 ms, found 0 plugins.
Preloading 0 native plugins for Editor in 0.00 ms.
Unloading 1121 Unused Serialized files (Serialized files now loaded: 0)
System memory in use before: 57.8 MB.
System memory in use after: 57.9 MB.

Unloading 5 unused Assets to reduce memory usage. Loaded Objects now: 1764.
Total: 1.525300 ms (FindLiveObjects: 0.155000 ms CreateObjectMapping: 0.029200 ms MarkObjects: 1.293500 ms  DeleteObjects: 0.046700 ms)

========================================================================
Received Prepare
Registering precompiled user dll's ...
Registered in 0.000325 seconds.
Begin MonoManager ReloadAssembly
Native extension for WindowsStandalone target not found
Refreshing native plugins compatible for Editor in 0.20 ms, found 0 plugins.
Preloading 0 native plugins for Editor in 0.00 ms.
Mono: successfully reloaded assembly
- Completed reload, in  0.606 seconds
Platform modules already initialized, skipping
Refreshing native plugins compatible for Editor in 0.16 ms, found 0 plugins.
Preloading 0 native plugins for Editor in 0.00 ms.
Unloading 1121 Unused Serialized files (Serialized files now loaded: 0)
System memory in use before: 57.8 MB.
System memory in use after: 57.9 MB.

Unloading 5 unused Assets to reduce memory usage. Loaded Objects now: 1767.
Total: 1.606400 ms (FindLiveObjects: 0.171100 ms CreateObjectMapping: 0.029700 ms MarkObjects: 1.355800 ms  DeleteObjects: 0.049200 ms)

========================================================================
Received Prepare
Registering precompiled user dll's ...
Registered in 0.000340 seconds.
Begin MonoManager ReloadAssembly
Native extension for WindowsStandalone target not found
Refreshing native plugins compatible for Editor in 0.20 ms, found 0 plugins.
Preloading 0 native plugins for Editor in 0.00 ms.
Mono: successfully reloaded assembly
- Completed reload, in  0.622 seconds
Platform modules already initialized, skipping
Refreshing native plugins compatible for Editor in 0.16 ms, found 0 plugins.
Preloading 0 native plugins for Editor in 0.00 ms.
Unloading 1121 Unused Serialized files (Serialized files now loaded: 0)
System memory in use before: 57.8 MB.
System memory in use after: 57.9 MB.

Unloading 5 unused Assets to reduce memory usage. Loaded Objects now: 1770.
Total: 1.704500 ms (FindLiveObjects: 0.160500 ms CreateObjectMapping: 0.029900 ms MarkObjects: 1.459300 ms  DeleteObjects: 0.053600 ms)

========================================================================
Received Prepare
Registering precompiled user dll's ...
Registered in 0.000363 seconds.
Begin MonoManager ReloadAssembly
Native extension for WindowsStandalone target not found
Refreshing native plugins compatible for Editor in 0.21 ms, found 0 plugins.
Preloading 0 native plugins for Editor in 0.00 ms.
Mono: successfully reloaded assembly
- Completed reload, in  0.608 seconds
Platform modules already initialized, skipping
Refreshing native plugins compatible for Editor in 0.14 ms, found 0 plugins.
Preloading 0 native plugins for Editor in 0.00 ms.
Unloading 1121 Unused Serialized files (Serialized files now loaded: 0)
System memory in use before: 57.8 MB.
System memory in use after: 57.9 MB.

Unloading 5 unused Assets to reduce memory usage. Loaded Objects now: 1773.
Total: 1.696200 ms (FindLiveObjects: 0.163100 ms CreateObjectMapping: 0.031700 ms MarkObjects: 1.448600 ms  DeleteObjects: 0.051900 ms)

========================================================================
Received Import Request.
  Time since last request: 177.035247 seconds.
  path: Assets/Materials
  artifactKey: Guid(03a7e9cf23114bd43a0cfd57067a81f2) Importer(815301076,1909f56bfc062723c751e8b465ee728b)
Start importing Assets/Materials using Guid(03a7e9cf23114bd43a0cfd57067a81f2) Importer(815301076,1909f56bfc062723c751e8b465ee728b)  -> (artifact id: 'f0e67adf074ad8ec90ed752f6d463d05') in 0.003061 seconds
  Import took 0.004643 seconds .

========================================================================
Received Import Request.
  Time since last request: 0.000487 seconds.
  path: Assets/Materials
  artifactKey: Guid(03a7e9cf23114bd43a0cfd57067a81f2) Importer(815301076,1909f56bfc062723c751e8b465ee728b)
Start importing Assets/Materials using Guid(03a7e9cf23114bd43a0cfd57067a81f2) Importer(815301076,1909f56bfc062723c751e8b465ee728b)  -> (artifact id: 'f0e67adf074ad8ec90ed752f6d463d05') in 0.000902 seconds
  Import took 0.002030 seconds .

========================================================================
Received Import Request.
  Time since last request: 5.860151 seconds.
  path: Assets/Materials/SpellPainters
  artifactKey: Guid(307844987aba08d4e82fdf3960628ead) Importer(815301076,1909f56bfc062723c751e8b465ee728b)
Start importing Assets/Materials/SpellPainters using Guid(307844987aba08d4e82fdf3960628ead) Importer(815301076,1909f56bfc062723c751e8b465ee728b)  -> (artifact id: '8b37a54854f93258d3fae7acc6a8fd8d') in 0.001127 seconds
  Import took 0.002563 seconds .

========================================================================
Received Prepare
Registering precompiled user dll's ...
Registered in 0.000378 seconds.
Begin MonoManager ReloadAssembly
Native extension for WindowsStandalone target not found
Refreshing native plugins compatible for Editor in 0.20 ms, found 0 plugins.
Preloading 0 native plugins for Editor in 0.00 ms.
Mono: successfully reloaded assembly
- Completed reload, in  0.613 seconds
Platform modules already initialized, skipping
Refreshing native plugins compatible for Editor in 0.20 ms, found 0 plugins.
Preloading 0 native plugins for Editor in 0.00 ms.
Unloading 1121 Unused Serialized files (Serialized files now loaded: 0)
System memory in use before: 57.8 MB.
System memory in use after: 57.9 MB.

Unloading 5 unused Assets to reduce memory usage. Loaded Objects now: 1776.
Total: 1.533100 ms (FindLiveObjects: 0.175400 ms CreateObjectMapping: 0.024800 ms MarkObjects: 1.284000 ms  DeleteObjects: 0.047900 ms)

========================================================================
Received Prepare
Registering precompiled user dll's ...
Registered in 0.000340 seconds.
Begin MonoManager ReloadAssembly
Native extension for WindowsStandalone target not found
Refreshing native plugins compatible for Editor in 0.21 ms, found 0 plugins.
Preloading 0 native plugins for Editor in 0.00 ms.
Mono: successfully reloaded assembly
- Completed reload, in  0.600 seconds
Platform modules already initialized, skipping
Refreshing native plugins compatible for Editor in 0.15 ms, found 0 plugins.
Preloading 0 native plugins for Editor in 0.00 ms.
Unloading 1121 Unused Serialized files (Serialized files now loaded: 0)
System memory in use before: 57.8 MB.
System memory in use after: 57.9 MB.

Unloading 5 unused Assets to reduce memory usage. Loaded Objects now: 1779.
Total: 1.697100 ms (FindLiveObjects: 0.162800 ms CreateObjectMapping: 0.031400 ms MarkObjects: 1.450800 ms  DeleteObjects: 0.051100 ms)

========================================================================
Received Import Request.
  Time since last request: 97.275049 seconds.
  path: Assets/Resources/ShieldPainter.prefab
  artifactKey: Guid(fdd9c25ceee366a45909861d023ec3ef) Importer(815301076,1909f56bfc062723c751e8b465ee728b)
Start importing Assets/Resources/ShieldPainter.prefab using Guid(fdd9c25ceee366a45909861d023ec3ef) Importer(815301076,1909f56bfc062723c751e8b465ee728b)  -> (artifact id: '7acba2f896d86681a18bd9c288c793d2') in 0.018908 seconds
  Import took 0.020687 seconds .

========================================================================
Received Import Request.
  Time since last request: 0.040271 seconds.
  path: Assets/Resources/ShieldPainter.prefab
  artifactKey: Guid(fdd9c25ceee366a45909861d023ec3ef) Importer(815301076,1909f56bfc062723c751e8b465ee728b)
Start importing Assets/Resources/ShieldPainter.prefab using Guid(fdd9c25ceee366a45909861d023ec3ef) Importer(815301076,1909f56bfc062723c751e8b465ee728b)  -> (artifact id: '7acba2f896d86681a18bd9c288c793d2') in 0.002120 seconds
  Import took 0.003557 seconds .

========================================================================
Received Prepare
Registering precompiled user dll's ...
Registered in 0.000328 seconds.
Begin MonoManager ReloadAssembly
Native extension for WindowsStandalone target not found
Refreshing native plugins compatible for Editor in 0.19 ms, found 0 plugins.
Preloading 0 native plugins for Editor in 0.00 ms.
Mono: successfully reloaded assembly
- Completed reload, in  0.606 seconds
Platform modules already initialized, skipping
Refreshing native plugins compatible for Editor in 0.15 ms, found 0 plugins.
Preloading 0 native plugins for Editor in 0.00 ms.
Unloading 1121 Unused Serialized files (Serialized files now loaded: 0)
System memory in use before: 57.8 MB.
System memory in use after: 57.9 MB.

Unloading 5 unused Assets to reduce memory usage. Loaded Objects now: 1782.
Total: 1.482400 ms (FindLiveObjects: 0.156500 ms CreateObjectMapping: 0.029400 ms MarkObjects: 1.249700 ms  DeleteObjects: 0.046100 ms)

========================================================================
Received Prepare
Registering precompiled user dll's ...
Registered in 0.000417 seconds.
Begin MonoManager ReloadAssembly
Native extension for WindowsStandalone target not found
Refreshing native plugins compatible for Editor in 0.20 ms, found 0 plugins.
Preloading 0 native plugins for Editor in 0.00 ms.
Mono: successfully reloaded assembly
- Completed reload, in  0.618 seconds
Platform modules already initialized, skipping
Refreshing native plugins compatible for Editor in 0.19 ms, found 0 plugins.
Preloading 0 native plugins for Editor in 0.00 ms.
Unloading 1121 Unused Serialized files (Serialized files now loaded: 0)
System memory in use before: 57.8 MB.
System memory in use after: 57.9 MB.

Unloading 5 unused Assets to reduce memory usage. Loaded Objects now: 1785.
Total: 1.707900 ms (FindLiveObjects: 0.165600 ms CreateObjectMapping: 0.028600 ms MarkObjects: 1.466600 ms  DeleteObjects: 0.045800 ms)

========================================================================
Received Prepare
Registering precompiled user dll's ...
Registered in 0.000360 seconds.
Begin MonoManager ReloadAssembly
Native extension for WindowsStandalone target not found
Refreshing native plugins compatible for Editor in 0.20 ms, found 0 plugins.
Preloading 0 native plugins for Editor in 0.00 ms.
Mono: successfully reloaded assembly
- Completed reload, in  0.613 seconds
Platform modules already initialized, skipping
Refreshing native plugins compatible for Editor in 0.18 ms, found 0 plugins.
Preloading 0 native plugins for Editor in 0.00 ms.
Unloading 1121 Unused Serialized files (Serialized files now loaded: 0)
System memory in use before: 57.8 MB.
System memory in use after: 57.9 MB.

Unloading 5 unused Assets to reduce memory usage. Loaded Objects now: 1788.
Total: 1.480800 ms (FindLiveObjects: 0.151400 ms CreateObjectMapping: 0.025600 ms MarkObjects: 1.257700 ms  DeleteObjects: 0.045100 ms)

========================================================================
Received Prepare
Registering precompiled user dll's ...
Registered in 0.000327 seconds.
Begin MonoManager ReloadAssembly
Native extension for WindowsStandalone target not found
Refreshing native plugins compatible for Editor in 0.20 ms, found 0 plugins.
Preloading 0 native plugins for Editor in 0.00 ms.
Mono: successfully reloaded assembly
- Completed reload, in  0.606 seconds
Platform modules already initialized, skipping
Refreshing native plugins compatible for Editor in 0.16 ms, found 0 plugins.
Preloading 0 native plugins for Editor in 0.00 ms.
Unloading 1121 Unused Serialized files (Serialized files now loaded: 0)
System memory in use before: 57.8 MB.
System memory in use after: 57.9 MB.

Unloading 5 unused Assets to reduce memory usage. Loaded Objects now: 1791.
Total: 1.504500 ms (FindLiveObjects: 0.140100 ms CreateObjectMapping: 0.025600 ms MarkObjects: 1.292200 ms  DeleteObjects: 0.045900 ms)

========================================================================
Received Prepare
Registering precompiled user dll's ...
Registered in 0.000357 seconds.
Begin MonoManager ReloadAssembly
Native extension for WindowsStandalone target not found
Refreshing native plugins compatible for Editor in 0.20 ms, found 0 plugins.
Preloading 0 native plugins for Editor in 0.00 ms.
Mono: successfully reloaded assembly
- Completed reload, in  0.612 seconds
Platform modules already initialized, skipping
Refreshing native plugins compatible for Editor in 0.14 ms, found 0 plugins.
Preloading 0 native plugins for Editor in 0.00 ms.
Unloading 1121 Unused Serialized files (Serialized files now loaded: 0)
System memory in use before: 57.8 MB.
System memory in use after: 57.9 MB.

Unloading 5 unused Assets to reduce memory usage. Loaded Objects now: 1794.
Total: 1.589200 ms (FindLiveObjects: 0.174700 ms CreateObjectMapping: 0.029300 ms MarkObjects: 1.338400 ms  DeleteObjects: 0.045700 ms)

