Using pre-set license
Built from '2020.3/release' branch; Version is '2020.3.7f1 (dd97f2c94397) revision 14522354'; Using compiler version '192528614'; Build Type 'Release'
OS: 'Windows 10 Pro; OS build 19042.985; Version 2009; 64bit' Language: 'ru' Physical Memory: 24491 MB
BatchMode: 1, IsHumanControllingUs: 0, StartBugReporterOnCrash: 0, Is64bit: 1, IsPro: 0

 COMMAND LINE ARGUMENTS:
C:\Program Files\Unity\Hub\Editor\2020.3.7f1\Editor\Unity.exe
-adb2
-batchMode
-noUpm
-name
AssetImportWorker0
-projectPath
D:/Docs/Unity projects/Between/Between
-logFile
Logs/AssetImportWorker0.log
-srvPort
60469
Successfully changed project path to: D:/Docs/Unity projects/Between/Between
D:/Docs/Unity projects/Between/Between
Using Asset Import Pipeline V2.
Refreshing native plugins compatible for Editor in 18.88 ms, found 0 plugins.
Preloading 0 native plugins for Editor in 0.00 ms.
Initialize engine version: 2020.3.7f1 (dd97f2c94397)
[Subsystems] Discovering subsystems at path C:/Program Files/Unity/Hub/Editor/2020.3.7f1/Editor/Data/Resources/UnitySubsystems
[Subsystems] Discovering subsystems at path D:/Docs/Unity projects/Between/Between/Assets
GfxDevice: creating device client; threaded=0
Direct3D:
    Version:  Direct3D 11.0 [level 11.1]
    Renderer: NVIDIA GeForce GTX 1080 (ID=0x1b80)
    Vendor:   
    VRAM:     8079 MB
    Driver:   27.21.14.5671
Initialize mono
Mono path[0] = 'C:/Program Files/Unity/Hub/Editor/2020.3.7f1/Editor/Data/Managed'
Mono path[1] = 'C:/Program Files/Unity/Hub/Editor/2020.3.7f1/Editor/Data/MonoBleedingEdge/lib/mono/unityjit'
Mono config path = 'C:/Program Files/Unity/Hub/Editor/2020.3.7f1/Editor/Data/MonoBleedingEdge/etc'
Using monoOptions --debugger-agent=transport=dt_socket,embedding=1,server=y,suspend=n,address=127.0.0.1:56768
Begin MonoManager ReloadAssembly
Registering precompiled unity dll's ...
Register platform support module: C:/Program Files/Unity/Hub/Editor/2020.3.7f1/Editor/Data/PlaybackEngines/WindowsStandaloneSupport/UnityEditor.WindowsStandalone.Extensions.dll
Registered in 0.002330 seconds.
Native extension for WindowsStandalone target not found
Refreshing native plugins compatible for Editor in 19.27 ms, found 0 plugins.
Preloading 0 native plugins for Editor in 0.00 ms.
Mono: successfully reloaded assembly
- Completed reload, in  1.819 seconds
Platform modules already initialized, skipping
Registering precompiled user dll's ...
Registered in 0.000866 seconds.
Begin MonoManager ReloadAssembly
Native extension for WindowsStandalone target not found
Refreshing native plugins compatible for Editor in 0.20 ms, found 0 plugins.
Preloading 0 native plugins for Editor in 0.00 ms.
Mono: successfully reloaded assembly
- Completed reload, in  0.683 seconds
Platform modules already initialized, skipping
========================================================================
Worker process is ready to serve import requests
Launched and connected shader compiler UnityShaderCompiler.exe after 0.03 seconds
Refreshing native plugins compatible for Editor in 0.20 ms, found 0 plugins.
Preloading 0 native plugins for Editor in 0.00 ms.
Unloading 1126 Unused Serialized files (Serialized files now loaded: 0)
System memory in use before: 57.5 MB.
System memory in use after: 57.5 MB.

Unloading 10 unused Assets to reduce memory usage. Loaded Objects now: 1569.
Total: 1.592900 ms (FindLiveObjects: 0.141800 ms CreateObjectMapping: 0.026300 ms MarkObjects: 1.352100 ms  DeleteObjects: 0.071700 ms)

========================================================================
Received Import Request.
  path: Assets/Scripts/Saving
  artifactKey: Guid(67f07fd408ca0b340b0352581a66065c) Importer(815301076,1909f56bfc062723c751e8b465ee728b)
Start importing Assets/Scripts/Saving using Guid(67f07fd408ca0b340b0352581a66065c) Importer(815301076,1909f56bfc062723c751e8b465ee728b)  -> (artifact id: '9d308716e79b012952851a189186f298') in 0.003390 seconds
  Import took 0.005078 seconds .

========================================================================
Received Import Request.
  Time since last request: 3.785161 seconds.
  path: Assets/Scripts/Saving/SaveSystem.cs
  artifactKey: Guid(e60dafbd15a54e44282a927699c50954) Importer(815301076,1909f56bfc062723c751e8b465ee728b)
Start importing Assets/Scripts/Saving/SaveSystem.cs using Guid(e60dafbd15a54e44282a927699c50954) Importer(815301076,1909f56bfc062723c751e8b465ee728b)  -> (artifact id: '8ac708711b90810d97b875cd014ffe52') in 0.017489 seconds
  Import took 0.019157 seconds .

========================================================================
Received Import Request.
  Time since last request: 0.003610 seconds.
  path: Assets/Scripts/Saving/SaveSystem.cs
  artifactKey: Guid(e60dafbd15a54e44282a927699c50954) Importer(815301076,1909f56bfc062723c751e8b465ee728b)
Start importing Assets/Scripts/Saving/SaveSystem.cs using Guid(e60dafbd15a54e44282a927699c50954) Importer(815301076,1909f56bfc062723c751e8b465ee728b)  -> (artifact id: '8ac708711b90810d97b875cd014ffe52') in 0.001094 seconds
  Import took 0.002541 seconds .

========================================================================
Received Prepare
Registering precompiled user dll's ...
Registered in 0.000362 seconds.
Begin MonoManager ReloadAssembly
Native extension for WindowsStandalone target not found
Refreshing native plugins compatible for Editor in 0.21 ms, found 0 plugins.
Preloading 0 native plugins for Editor in 0.00 ms.
Mono: successfully reloaded assembly
- Completed reload, in  0.634 seconds
Platform modules already initialized, skipping
Refreshing native plugins compatible for Editor in 0.17 ms, found 0 plugins.
Preloading 0 native plugins for Editor in 0.00 ms.
Unloading 1122 Unused Serialized files (Serialized files now loaded: 0)
System memory in use before: 57.4 MB.
System memory in use after: 57.5 MB.

Unloading 5 unused Assets to reduce memory usage. Loaded Objects now: 1573.
Total: 1.446300 ms (FindLiveObjects: 0.146900 ms CreateObjectMapping: 0.025100 ms MarkObjects: 1.213300 ms  DeleteObjects: 0.059700 ms)

========================================================================
Received Import Request.
  Time since last request: 7.897378 seconds.
  path: Assets/Scripts/Saving/PlayerData.cs
  artifactKey: Guid(0870992177ce06a4eaf639ae97da0c5e) Importer(815301076,1909f56bfc062723c751e8b465ee728b)
Start importing Assets/Scripts/Saving/PlayerData.cs using Guid(0870992177ce06a4eaf639ae97da0c5e) Importer(815301076,1909f56bfc062723c751e8b465ee728b)  -> (artifact id: '9c4d338cfdcc796236a655bd48b21fe4') in 0.003422 seconds
  Import took 0.005116 seconds .

========================================================================
Received Import Request.
  Time since last request: 0.001979 seconds.
  path: Assets/Scripts/Saving/PlayerData.cs
  artifactKey: Guid(0870992177ce06a4eaf639ae97da0c5e) Importer(815301076,1909f56bfc062723c751e8b465ee728b)
Start importing Assets/Scripts/Saving/PlayerData.cs using Guid(0870992177ce06a4eaf639ae97da0c5e) Importer(815301076,1909f56bfc062723c751e8b465ee728b)  -> (artifact id: '9c4d338cfdcc796236a655bd48b21fe4') in 0.000985 seconds
  Import took 0.002148 seconds .

========================================================================
Received Prepare
Registering precompiled user dll's ...
Registered in 0.000409 seconds.
Begin MonoManager ReloadAssembly
Native extension for WindowsStandalone target not found
Refreshing native plugins compatible for Editor in 0.20 ms, found 0 plugins.
Preloading 0 native plugins for Editor in 0.00 ms.
Mono: successfully reloaded assembly
- Completed reload, in  0.633 seconds
Platform modules already initialized, skipping
Refreshing native plugins compatible for Editor in 0.19 ms, found 0 plugins.
Preloading 0 native plugins for Editor in 0.00 ms.
Unloading 1123 Unused Serialized files (Serialized files now loaded: 0)
System memory in use before: 57.5 MB.
System memory in use after: 57.6 MB.

Unloading 5 unused Assets to reduce memory usage. Loaded Objects now: 1577.
Total: 1.509500 ms (FindLiveObjects: 0.142300 ms CreateObjectMapping: 0.023900 ms MarkObjects: 1.287700 ms  DeleteObjects: 0.054700 ms)

========================================================================
Received Prepare
Registering precompiled user dll's ...
Registered in 0.000373 seconds.
Begin MonoManager ReloadAssembly
Native extension for WindowsStandalone target not found
Refreshing native plugins compatible for Editor in 0.19 ms, found 0 plugins.
Preloading 0 native plugins for Editor in 0.00 ms.
Mono: successfully reloaded assembly
- Completed reload, in  0.610 seconds
Platform modules already initialized, skipping
Refreshing native plugins compatible for Editor in 0.17 ms, found 0 plugins.
Preloading 0 native plugins for Editor in 0.00 ms.
Unloading 1123 Unused Serialized files (Serialized files now loaded: 0)
System memory in use before: 57.5 MB.
System memory in use after: 57.6 MB.

Unloading 5 unused Assets to reduce memory usage. Loaded Objects now: 1580.
Total: 1.463100 ms (FindLiveObjects: 0.122600 ms CreateObjectMapping: 0.028100 ms MarkObjects: 1.256000 ms  DeleteObjects: 0.055500 ms)

========================================================================
Received Prepare
Registering precompiled user dll's ...
Registered in 0.000345 seconds.
Begin MonoManager ReloadAssembly
Native extension for WindowsStandalone target not found
Refreshing native plugins compatible for Editor in 0.20 ms, found 0 plugins.
Preloading 0 native plugins for Editor in 0.00 ms.
Mono: successfully reloaded assembly
- Completed reload, in  0.611 seconds
Platform modules already initialized, skipping
Refreshing native plugins compatible for Editor in 0.15 ms, found 0 plugins.
Preloading 0 native plugins for Editor in 0.00 ms.
Unloading 1123 Unused Serialized files (Serialized files now loaded: 0)
System memory in use before: 57.5 MB.
System memory in use after: 57.6 MB.

Unloading 5 unused Assets to reduce memory usage. Loaded Objects now: 1583.
Total: 1.433100 ms (FindLiveObjects: 0.122500 ms CreateObjectMapping: 0.023500 ms MarkObjects: 1.234900 ms  DeleteObjects: 0.051500 ms)

========================================================================
Received Import Request.
  Time since last request: 95.313958 seconds.
  path: Assets/Scripts/Saving/SaveSystem.cs
  artifactKey: Guid(e60dafbd15a54e44282a927699c50954) Importer(815301076,1909f56bfc062723c751e8b465ee728b)
Start importing Assets/Scripts/Saving/SaveSystem.cs using Guid(e60dafbd15a54e44282a927699c50954) Importer(815301076,1909f56bfc062723c751e8b465ee728b)  -> (artifact id: 'fece3ca06b958fffd1375d41a00b45dd') in 0.003240 seconds
  Import took 0.004905 seconds .

========================================================================
Received Import Request.
  Time since last request: 1.470530 seconds.
  path: Assets/Scripts/Saving/PlayerData.cs
  artifactKey: Guid(0870992177ce06a4eaf639ae97da0c5e) Importer(815301076,1909f56bfc062723c751e8b465ee728b)
Start importing Assets/Scripts/Saving/PlayerData.cs using Guid(0870992177ce06a4eaf639ae97da0c5e) Importer(815301076,1909f56bfc062723c751e8b465ee728b)  -> (artifact id: '277751728df59bf6139f649ab09cff52') in 0.001208 seconds
  Import took 0.002789 seconds .

========================================================================
Received Import Request.
  Time since last request: 0.000514 seconds.
  path: Assets/Scripts/Saving/PlayerData.cs
  artifactKey: Guid(0870992177ce06a4eaf639ae97da0c5e) Importer(815301076,1909f56bfc062723c751e8b465ee728b)
Start importing Assets/Scripts/Saving/PlayerData.cs using Guid(0870992177ce06a4eaf639ae97da0c5e) Importer(815301076,1909f56bfc062723c751e8b465ee728b)  -> (artifact id: '277751728df59bf6139f649ab09cff52') in 0.000905 seconds
  Import took 0.002018 seconds .

========================================================================
Received Import Request.
  Time since last request: 44.639327 seconds.
  path: Assets/Scripts/Player.cs
  artifactKey: Guid(1ca177df91e19ad4d8dfa3103f377582) Importer(815301076,1909f56bfc062723c751e8b465ee728b)
Start importing Assets/Scripts/Player.cs using Guid(1ca177df91e19ad4d8dfa3103f377582) Importer(815301076,1909f56bfc062723c751e8b465ee728b)  -> (artifact id: '788ec39b89a4a61b814cf99177e04f83') in 0.001225 seconds
  Import took 0.002769 seconds .

========================================================================
Received Import Request.
  Time since last request: 0.000751 seconds.
  path: Assets/Scripts/Player.cs
  artifactKey: Guid(1ca177df91e19ad4d8dfa3103f377582) Importer(815301076,1909f56bfc062723c751e8b465ee728b)
Start importing Assets/Scripts/Player.cs using Guid(1ca177df91e19ad4d8dfa3103f377582) Importer(815301076,1909f56bfc062723c751e8b465ee728b)  -> (artifact id: '788ec39b89a4a61b814cf99177e04f83') in 0.000967 seconds
  Import took 0.002159 seconds .

========================================================================
Received Prepare
Registering precompiled user dll's ...
Registered in 0.000342 seconds.
Begin MonoManager ReloadAssembly
Native extension for WindowsStandalone target not found
Refreshing native plugins compatible for Editor in 0.20 ms, found 0 plugins.
Preloading 0 native plugins for Editor in 0.00 ms.
Mono: successfully reloaded assembly
- Completed reload, in  0.630 seconds
Platform modules already initialized, skipping
Refreshing native plugins compatible for Editor in 0.22 ms, found 0 plugins.
Preloading 0 native plugins for Editor in 0.00 ms.
Unloading 1124 Unused Serialized files (Serialized files now loaded: 0)
System memory in use before: 57.5 MB.
System memory in use after: 57.6 MB.

Unloading 5 unused Assets to reduce memory usage. Loaded Objects now: 1587.
Total: 1.694300 ms (FindLiveObjects: 0.142100 ms CreateObjectMapping: 0.025300 ms MarkObjects: 1.474400 ms  DeleteObjects: 0.050900 ms)

========================================================================
Received Prepare
Registering precompiled user dll's ...
Registered in 0.000354 seconds.
Begin MonoManager ReloadAssembly
Native extension for WindowsStandalone target not found
Refreshing native plugins compatible for Editor in 0.21 ms, found 0 plugins.
Preloading 0 native plugins for Editor in 0.00 ms.
Mono: successfully reloaded assembly
- Completed reload, in  0.622 seconds
Platform modules already initialized, skipping
Refreshing native plugins compatible for Editor in 0.17 ms, found 0 plugins.
Preloading 0 native plugins for Editor in 0.00 ms.
Unloading 1124 Unused Serialized files (Serialized files now loaded: 0)
System memory in use before: 57.5 MB.
System memory in use after: 57.6 MB.

Unloading 5 unused Assets to reduce memory usage. Loaded Objects now: 1590.
Total: 1.401300 ms (FindLiveObjects: 0.123800 ms CreateObjectMapping: 0.023800 ms MarkObjects: 1.204500 ms  DeleteObjects: 0.048500 ms)

========================================================================
Received Import Request.
  Time since last request: 363.071674 seconds.
  path: Assets/Scripts/Player.cs
  artifactKey: Guid(1ca177df91e19ad4d8dfa3103f377582) Importer(815301076,1909f56bfc062723c751e8b465ee728b)
Start importing Assets/Scripts/Player.cs using Guid(1ca177df91e19ad4d8dfa3103f377582) Importer(815301076,1909f56bfc062723c751e8b465ee728b)  -> (artifact id: '3ed4a6d17dc6a7d1b9201f0c68c10b9c') in 0.003091 seconds
  Import took 0.004662 seconds .

========================================================================
Received Prepare
Registering precompiled user dll's ...
Registered in 0.000356 seconds.
Begin MonoManager ReloadAssembly
Native extension for WindowsStandalone target not found
Refreshing native plugins compatible for Editor in 0.20 ms, found 0 plugins.
Preloading 0 native plugins for Editor in 0.00 ms.
Mono: successfully reloaded assembly
- Completed reload, in  0.615 seconds
Platform modules already initialized, skipping
Refreshing native plugins compatible for Editor in 0.16 ms, found 0 plugins.
Preloading 0 native plugins for Editor in 0.00 ms.
Unloading 1124 Unused Serialized files (Serialized files now loaded: 0)
System memory in use before: 57.5 MB.
System memory in use after: 57.6 MB.

Unloading 5 unused Assets to reduce memory usage. Loaded Objects now: 1593.
Total: 1.538000 ms (FindLiveObjects: 0.130100 ms CreateObjectMapping: 0.029000 ms MarkObjects: 1.327100 ms  DeleteObjects: 0.050900 ms)

========================================================================
Received Prepare
Registering precompiled user dll's ...
Registered in 0.000347 seconds.
Begin MonoManager ReloadAssembly
Native extension for WindowsStandalone target not found
Refreshing native plugins compatible for Editor in 0.20 ms, found 0 plugins.
Preloading 0 native plugins for Editor in 0.00 ms.
Mono: successfully reloaded assembly
- Completed reload, in  0.615 seconds
Platform modules already initialized, skipping
Refreshing native plugins compatible for Editor in 0.17 ms, found 0 plugins.
Preloading 0 native plugins for Editor in 0.00 ms.
Unloading 1124 Unused Serialized files (Serialized files now loaded: 0)
System memory in use before: 57.5 MB.
System memory in use after: 57.6 MB.

Unloading 5 unused Assets to reduce memory usage. Loaded Objects now: 1596.
Total: 1.522500 ms (FindLiveObjects: 0.136800 ms CreateObjectMapping: 0.028200 ms MarkObjects: 1.307600 ms  DeleteObjects: 0.048900 ms)

========================================================================
Received Prepare
Registering precompiled user dll's ...
Registered in 0.000360 seconds.
Begin MonoManager ReloadAssembly
Native extension for WindowsStandalone target not found
Refreshing native plugins compatible for Editor in 0.20 ms, found 0 plugins.
Preloading 0 native plugins for Editor in 0.00 ms.
Mono: successfully reloaded assembly
- Completed reload, in  0.617 seconds
Platform modules already initialized, skipping
Refreshing native plugins compatible for Editor in 0.16 ms, found 0 plugins.
Preloading 0 native plugins for Editor in 0.00 ms.
Unloading 1124 Unused Serialized files (Serialized files now loaded: 0)
System memory in use before: 57.6 MB.
System memory in use after: 57.6 MB.

Unloading 5 unused Assets to reduce memory usage. Loaded Objects now: 1599.
Total: 1.557200 ms (FindLiveObjects: 0.129600 ms CreateObjectMapping: 0.029900 ms MarkObjects: 1.347000 ms  DeleteObjects: 0.049800 ms)

========================================================================
Received Import Request.
  Time since last request: 493.786497 seconds.
  path: Assets/Resources/Shield.prefab
  artifactKey: Guid(d9d26e3402831fd42a26002c6675435e) Importer(815301076,1909f56bfc062723c751e8b465ee728b)
Start importing Assets/Resources/Shield.prefab using Guid(d9d26e3402831fd42a26002c6675435e) Importer(815301076,1909f56bfc062723c751e8b465ee728b)  -> (artifact id: '53229132e4af6d6fd4d4fbab15e6e9e2') in 0.063318 seconds
  Import took 0.065161 seconds .

========================================================================
Received Import Request.
  Time since last request: 0.629658 seconds.
  path: Assets/Resources/ShieldPainter.prefab
  artifactKey: Guid(fdd9c25ceee366a45909861d023ec3ef) Importer(815301076,1909f56bfc062723c751e8b465ee728b)
Start importing Assets/Resources/ShieldPainter.prefab using Guid(fdd9c25ceee366a45909861d023ec3ef) Importer(815301076,1909f56bfc062723c751e8b465ee728b)  -> (artifact id: 'f8855c266f2497797d8fbc93336564c2') in 0.002679 seconds
  Import took 0.004236 seconds .

========================================================================
Received Import Request.
  Time since last request: 0.040729 seconds.
  path: Assets/Resources/ShieldPainter.prefab
  artifactKey: Guid(fdd9c25ceee366a45909861d023ec3ef) Importer(815301076,1909f56bfc062723c751e8b465ee728b)
Start importing Assets/Resources/ShieldPainter.prefab using Guid(fdd9c25ceee366a45909861d023ec3ef) Importer(815301076,1909f56bfc062723c751e8b465ee728b)  -> (artifact id: 'f8855c266f2497797d8fbc93336564c2') in 0.001947 seconds
  Import took 0.003285 seconds .

========================================================================
Received Prepare
Registering precompiled user dll's ...
Registered in 0.000336 seconds.
Begin MonoManager ReloadAssembly
Native extension for WindowsStandalone target not found
Refreshing native plugins compatible for Editor in 0.20 ms, found 0 plugins.
Preloading 0 native plugins for Editor in 0.00 ms.
Mono: successfully reloaded assembly
- Completed reload, in  0.615 seconds
Platform modules already initialized, skipping
Refreshing native plugins compatible for Editor in 0.18 ms, found 0 plugins.
Preloading 0 native plugins for Editor in 0.00 ms.
Unloading 1124 Unused Serialized files (Serialized files now loaded: 0)
System memory in use before: 60.7 MB.
System memory in use after: 60.8 MB.

Unloading 6 unused Assets to reduce memory usage. Loaded Objects now: 1610.
Total: 1.424700 ms (FindLiveObjects: 0.149500 ms CreateObjectMapping: 0.028500 ms MarkObjects: 1.194800 ms  DeleteObjects: 0.050900 ms)

========================================================================
Received Import Request.
  Time since last request: 25.840703 seconds.
  path: Assets/Scripts/App.cs
  artifactKey: Guid(bd06c91e7267f3d4496752677746c148) Importer(815301076,1909f56bfc062723c751e8b465ee728b)
Start importing Assets/Scripts/App.cs using Guid(bd06c91e7267f3d4496752677746c148) Importer(815301076,1909f56bfc062723c751e8b465ee728b)  -> (artifact id: '1dcc02704c5d48d2190ba3a282d22553') in 0.002983 seconds
  Import took 0.004569 seconds .

========================================================================
Received Import Request.
  Time since last request: 0.002098 seconds.
  path: Assets/Scripts/App.cs
  artifactKey: Guid(bd06c91e7267f3d4496752677746c148) Importer(815301076,1909f56bfc062723c751e8b465ee728b)
Start importing Assets/Scripts/App.cs using Guid(bd06c91e7267f3d4496752677746c148) Importer(815301076,1909f56bfc062723c751e8b465ee728b)  -> (artifact id: '1dcc02704c5d48d2190ba3a282d22553') in 0.000976 seconds
  Import took 0.002111 seconds .

========================================================================
Received Prepare
Registering precompiled user dll's ...
Registered in 0.000339 seconds.
Begin MonoManager ReloadAssembly
Native extension for WindowsStandalone target not found
Refreshing native plugins compatible for Editor in 0.20 ms, found 0 plugins.
Preloading 0 native plugins for Editor in 0.00 ms.
Mono: successfully reloaded assembly
- Completed reload, in  0.625 seconds
Platform modules already initialized, skipping
Refreshing native plugins compatible for Editor in 0.20 ms, found 0 plugins.
Preloading 0 native plugins for Editor in 0.00 ms.
Unloading 1125 Unused Serialized files (Serialized files now loaded: 0)
System memory in use before: 60.7 MB.
System memory in use after: 60.8 MB.

Unloading 5 unused Assets to reduce memory usage. Loaded Objects now: 1614.
Total: 1.612600 ms (FindLiveObjects: 0.165100 ms CreateObjectMapping: 0.029800 ms MarkObjects: 1.366900 ms  DeleteObjects: 0.049700 ms)

========================================================================
Received Prepare
Registering precompiled user dll's ...
Registered in 0.000347 seconds.
Begin MonoManager ReloadAssembly
Native extension for WindowsStandalone target not found
Refreshing native plugins compatible for Editor in 0.20 ms, found 0 plugins.
Preloading 0 native plugins for Editor in 0.00 ms.
Mono: successfully reloaded assembly
- Completed reload, in  0.616 seconds
Platform modules already initialized, skipping
Refreshing native plugins compatible for Editor in 0.16 ms, found 0 plugins.
Preloading 0 native plugins for Editor in 0.00 ms.
Unloading 1125 Unused Serialized files (Serialized files now loaded: 0)
System memory in use before: 60.7 MB.
System memory in use after: 60.8 MB.

Unloading 5 unused Assets to reduce memory usage. Loaded Objects now: 1617.
Total: 1.489300 ms (FindLiveObjects: 0.131200 ms CreateObjectMapping: 0.029500 ms MarkObjects: 1.279400 ms  DeleteObjects: 0.048400 ms)

========================================================================
Received Import Request.
  Time since last request: 128.115301 seconds.
  path: Assets/Scripts/Saving/EditorMethods.cs
  artifactKey: Guid(677ce95a879320c49af9c3debd4e6701) Importer(815301076,1909f56bfc062723c751e8b465ee728b)
Start importing Assets/Scripts/Saving/EditorMethods.cs using Guid(677ce95a879320c49af9c3debd4e6701) Importer(815301076,1909f56bfc062723c751e8b465ee728b)  -> (artifact id: 'bb7eee7b9a9f99f5d6c70375172fb649') in 0.003053 seconds
  Import took 0.004676 seconds .

========================================================================
Received Import Request.
  Time since last request: 0.000278 seconds.
  path: Assets/Scripts/Saving/EditorMethods.cs
  artifactKey: Guid(677ce95a879320c49af9c3debd4e6701) Importer(815301076,1909f56bfc062723c751e8b465ee728b)
Start importing Assets/Scripts/Saving/EditorMethods.cs using Guid(677ce95a879320c49af9c3debd4e6701) Importer(815301076,1909f56bfc062723c751e8b465ee728b)  -> (artifact id: 'bb7eee7b9a9f99f5d6c70375172fb649') in 0.000947 seconds
  Import took 0.002074 seconds .

========================================================================
Received Prepare
Registering precompiled user dll's ...
Registered in 0.000324 seconds.
Begin MonoManager ReloadAssembly
Native extension for WindowsStandalone target not found
Refreshing native plugins compatible for Editor in 0.21 ms, found 0 plugins.
Preloading 0 native plugins for Editor in 0.00 ms.
Mono: successfully reloaded assembly
- Completed reload, in  0.613 seconds
Platform modules already initialized, skipping
Refreshing native plugins compatible for Editor in 0.14 ms, found 0 plugins.
Preloading 0 native plugins for Editor in 0.00 ms.
Unloading 1126 Unused Serialized files (Serialized files now loaded: 0)
System memory in use before: 60.7 MB.
System memory in use after: 60.8 MB.

Unloading 5 unused Assets to reduce memory usage. Loaded Objects now: 1621.
Total: 1.395500 ms (FindLiveObjects: 0.143500 ms CreateObjectMapping: 0.029300 ms MarkObjects: 1.185500 ms  DeleteObjects: 0.036700 ms)

========================================================================
Received Prepare
Registering precompiled user dll's ...
Registered in 0.000377 seconds.
Begin MonoManager ReloadAssembly
Native extension for WindowsStandalone target not found
Refreshing native plugins compatible for Editor in 0.20 ms, found 0 plugins.
Preloading 0 native plugins for Editor in 0.00 ms.
Mono: successfully reloaded assembly
- Completed reload, in  0.612 seconds
Platform modules already initialized, skipping
Refreshing native plugins compatible for Editor in 0.16 ms, found 0 plugins.
Preloading 0 native plugins for Editor in 0.00 ms.
Unloading 1126 Unused Serialized files (Serialized files now loaded: 0)
System memory in use before: 60.7 MB.
System memory in use after: 60.8 MB.

Unloading 5 unused Assets to reduce memory usage. Loaded Objects now: 1624.
Total: 1.518600 ms (FindLiveObjects: 0.182400 ms CreateObjectMapping: 0.028500 ms MarkObjects: 1.258100 ms  DeleteObjects: 0.048900 ms)

========================================================================
Received Prepare
Registering precompiled user dll's ...
Registered in 0.000360 seconds.
Begin MonoManager ReloadAssembly
Native extension for WindowsStandalone target not found
Refreshing native plugins compatible for Editor in 0.20 ms, found 0 plugins.
Preloading 0 native plugins for Editor in 0.00 ms.
Mono: successfully reloaded assembly
- Completed reload, in  0.624 seconds
Platform modules already initialized, skipping
Refreshing native plugins compatible for Editor in 0.16 ms, found 0 plugins.
Preloading 0 native plugins for Editor in 0.00 ms.
Unloading 1126 Unused Serialized files (Serialized files now loaded: 0)
System memory in use before: 60.7 MB.
System memory in use after: 60.8 MB.

Unloading 5 unused Assets to reduce memory usage. Loaded Objects now: 1627.
Total: 1.535400 ms (FindLiveObjects: 0.123200 ms CreateObjectMapping: 0.024300 ms MarkObjects: 1.337000 ms  DeleteObjects: 0.049900 ms)

========================================================================
Received Prepare
Registering precompiled user dll's ...
Registered in 0.000353 seconds.
Begin MonoManager ReloadAssembly
Native extension for WindowsStandalone target not found
Refreshing native plugins compatible for Editor in 0.20 ms, found 0 plugins.
Preloading 0 native plugins for Editor in 0.00 ms.
Mono: successfully reloaded assembly
- Completed reload, in  0.624 seconds
Platform modules already initialized, skipping
Refreshing native plugins compatible for Editor in 0.20 ms, found 0 plugins.
Preloading 0 native plugins for Editor in 0.00 ms.
Unloading 1126 Unused Serialized files (Serialized files now loaded: 0)
System memory in use before: 60.7 MB.
System memory in use after: 60.8 MB.

Unloading 5 unused Assets to reduce memory usage. Loaded Objects now: 1630.
Total: 1.454800 ms (FindLiveObjects: 0.146300 ms CreateObjectMapping: 0.025900 ms MarkObjects: 1.228200 ms  DeleteObjects: 0.053500 ms)

========================================================================
Received Prepare
Registering precompiled user dll's ...
Registered in 0.000351 seconds.
Begin MonoManager ReloadAssembly
Native extension for WindowsStandalone target not found
Refreshing native plugins compatible for Editor in 0.23 ms, found 0 plugins.
Preloading 0 native plugins for Editor in 0.00 ms.
Mono: successfully reloaded assembly
- Completed reload, in  0.619 seconds
Platform modules already initialized, skipping
Refreshing native plugins compatible for Editor in 0.19 ms, found 0 plugins.
Preloading 0 native plugins for Editor in 0.00 ms.
Unloading 1126 Unused Serialized files (Serialized files now loaded: 0)
System memory in use before: 60.7 MB.
System memory in use after: 60.8 MB.

Unloading 5 unused Assets to reduce memory usage. Loaded Objects now: 1633.
Total: 1.654200 ms (FindLiveObjects: 0.139900 ms CreateObjectMapping: 0.028800 ms MarkObjects: 1.434100 ms  DeleteObjects: 0.050300 ms)

========================================================================
Received Prepare
Registering precompiled user dll's ...
Registered in 0.000323 seconds.
Begin MonoManager ReloadAssembly
Native extension for WindowsStandalone target not found
Refreshing native plugins compatible for Editor in 0.19 ms, found 0 plugins.
Preloading 0 native plugins for Editor in 0.00 ms.
Mono: successfully reloaded assembly
- Completed reload, in  0.604 seconds
Platform modules already initialized, skipping
Refreshing native plugins compatible for Editor in 0.14 ms, found 0 plugins.
Preloading 0 native plugins for Editor in 0.00 ms.
Unloading 1126 Unused Serialized files (Serialized files now loaded: 0)
System memory in use before: 60.8 MB.
System memory in use after: 60.8 MB.

Unloading 5 unused Assets to reduce memory usage. Loaded Objects now: 1636.
Total: 1.649100 ms (FindLiveObjects: 0.154600 ms CreateObjectMapping: 0.029900 ms MarkObjects: 1.406700 ms  DeleteObjects: 0.057100 ms)

========================================================================
Received Prepare
Registering precompiled user dll's ...
Registered in 0.000349 seconds.
Begin MonoManager ReloadAssembly
Native extension for WindowsStandalone target not found
Refreshing native plugins compatible for Editor in 0.20 ms, found 0 plugins.
Preloading 0 native plugins for Editor in 0.00 ms.
Mono: successfully reloaded assembly
- Completed reload, in  0.622 seconds
Platform modules already initialized, skipping
Refreshing native plugins compatible for Editor in 0.16 ms, found 0 plugins.
Preloading 0 native plugins for Editor in 0.00 ms.
Unloading 1126 Unused Serialized files (Serialized files now loaded: 0)
System memory in use before: 60.8 MB.
System memory in use after: 60.8 MB.

Unloading 5 unused Assets to reduce memory usage. Loaded Objects now: 1639.
Total: 1.573300 ms (FindLiveObjects: 0.151500 ms CreateObjectMapping: 0.024700 ms MarkObjects: 1.349100 ms  DeleteObjects: 0.046900 ms)

========================================================================
Received Prepare
Registering precompiled user dll's ...
Registered in 0.000348 seconds.
Begin MonoManager ReloadAssembly
Native extension for WindowsStandalone target not found
Refreshing native plugins compatible for Editor in 0.20 ms, found 0 plugins.
Preloading 0 native plugins for Editor in 0.00 ms.
Mono: successfully reloaded assembly
- Completed reload, in  0.610 seconds
Platform modules already initialized, skipping
Refreshing native plugins compatible for Editor in 0.15 ms, found 0 plugins.
Preloading 0 native plugins for Editor in 0.00 ms.
Unloading 1126 Unused Serialized files (Serialized files now loaded: 0)
System memory in use before: 60.8 MB.
System memory in use after: 60.8 MB.

Unloading 5 unused Assets to reduce memory usage. Loaded Objects now: 1642.
Total: 1.558700 ms (FindLiveObjects: 0.131300 ms CreateObjectMapping: 0.027700 ms MarkObjects: 1.345800 ms  DeleteObjects: 0.053100 ms)

========================================================================
Received Prepare
Registering precompiled user dll's ...
Registered in 0.000338 seconds.
Begin MonoManager ReloadAssembly
Native extension for WindowsStandalone target not found
Refreshing native plugins compatible for Editor in 0.20 ms, found 0 plugins.
Preloading 0 native plugins for Editor in 0.00 ms.
Mono: successfully reloaded assembly
- Completed reload, in  0.608 seconds
Platform modules already initialized, skipping
Refreshing native plugins compatible for Editor in 0.15 ms, found 0 plugins.
Preloading 0 native plugins for Editor in 0.00 ms.
Unloading 1126 Unused Serialized files (Serialized files now loaded: 0)
System memory in use before: 60.8 MB.
System memory in use after: 60.8 MB.

Unloading 5 unused Assets to reduce memory usage. Loaded Objects now: 1645.
Total: 1.842600 ms (FindLiveObjects: 0.150100 ms CreateObjectMapping: 0.030500 ms MarkObjects: 1.606700 ms  DeleteObjects: 0.054000 ms)

========================================================================
Received Prepare
Registering precompiled user dll's ...
Registered in 0.000350 seconds.
Begin MonoManager ReloadAssembly
Native extension for WindowsStandalone target not found
Refreshing native plugins compatible for Editor in 0.21 ms, found 0 plugins.
Preloading 0 native plugins for Editor in 0.00 ms.
Mono: successfully reloaded assembly
- Completed reload, in  0.617 seconds
Platform modules already initialized, skipping
Refreshing native plugins compatible for Editor in 0.17 ms, found 0 plugins.
Preloading 0 native plugins for Editor in 0.00 ms.
Unloading 1126 Unused Serialized files (Serialized files now loaded: 0)
System memory in use before: 60.8 MB.
System memory in use after: 60.9 MB.

Unloading 5 unused Assets to reduce memory usage. Loaded Objects now: 1648.
Total: 1.535600 ms (FindLiveObjects: 0.180900 ms CreateObjectMapping: 0.028500 ms MarkObjects: 1.280200 ms  DeleteObjects: 0.045300 ms)

========================================================================
Received Prepare
Registering precompiled user dll's ...
Registered in 0.000374 seconds.
Begin MonoManager ReloadAssembly
Native extension for WindowsStandalone target not found
Refreshing native plugins compatible for Editor in 0.20 ms, found 0 plugins.
Preloading 0 native plugins for Editor in 0.00 ms.
Mono: successfully reloaded assembly
- Completed reload, in  0.609 seconds
Platform modules already initialized, skipping
Refreshing native plugins compatible for Editor in 0.17 ms, found 0 plugins.
Preloading 0 native plugins for Editor in 0.00 ms.
Unloading 1126 Unused Serialized files (Serialized files now loaded: 0)
System memory in use before: 60.8 MB.
System memory in use after: 60.9 MB.

Unloading 5 unused Assets to reduce memory usage. Loaded Objects now: 1651.
Total: 1.553000 ms (FindLiveObjects: 0.128700 ms CreateObjectMapping: 0.024600 ms MarkObjects: 1.352600 ms  DeleteObjects: 0.046300 ms)

========================================================================
Received Prepare
Registering precompiled user dll's ...
Registered in 0.000343 seconds.
Begin MonoManager ReloadAssembly
Native extension for WindowsStandalone target not found
Refreshing native plugins compatible for Editor in 0.20 ms, found 0 plugins.
Preloading 0 native plugins for Editor in 0.00 ms.
Mono: successfully reloaded assembly
- Completed reload, in  0.620 seconds
Platform modules already initialized, skipping
Refreshing native plugins compatible for Editor in 0.16 ms, found 0 plugins.
Preloading 0 native plugins for Editor in 0.00 ms.
Unloading 1126 Unused Serialized files (Serialized files now loaded: 0)
System memory in use before: 60.8 MB.
System memory in use after: 60.9 MB.

Unloading 5 unused Assets to reduce memory usage. Loaded Objects now: 1654.
Total: 1.435100 ms (FindLiveObjects: 0.132400 ms CreateObjectMapping: 0.028900 ms MarkObjects: 1.225700 ms  DeleteObjects: 0.047300 ms)

========================================================================
Received Prepare
Registering precompiled user dll's ...
Registered in 0.000342 seconds.
Begin MonoManager ReloadAssembly
Native extension for WindowsStandalone target not found
Refreshing native plugins compatible for Editor in 0.20 ms, found 0 plugins.
Preloading 0 native plugins for Editor in 0.00 ms.
Mono: successfully reloaded assembly
- Completed reload, in  0.616 seconds
Platform modules already initialized, skipping
Refreshing native plugins compatible for Editor in 0.18 ms, found 0 plugins.
Preloading 0 native plugins for Editor in 0.00 ms.
Unloading 1126 Unused Serialized files (Serialized files now loaded: 0)
System memory in use before: 60.8 MB.
System memory in use after: 60.9 MB.

Unloading 5 unused Assets to reduce memory usage. Loaded Objects now: 1657.
Total: 1.288500 ms (FindLiveObjects: 0.127300 ms CreateObjectMapping: 0.025100 ms MarkObjects: 1.104000 ms  DeleteObjects: 0.031500 ms)

